p1:-1 0 C:\\Users\\KingToed\\Documents\\CO5136-TeamRalph\\AsylumTR\\Assets\\Main Menu Stuff\\AudioMixer.meta
p1:-1 0 C:\\Users\\KingToed\\Documents\\CO5136-TeamRalph\\AsylumTR\\Assets\\Main Menu Stuff\\AudioMixer\\MainMixerMainMenu.mixer
p1:-1 0 C:\\Users\\KingToed\\Documents\\CO5136-TeamRalph\\AsylumTR\\Assets\\Main Menu Stuff\\AudioMixer\\MainMixerMainMenu.mixer.meta
p1:-1 0 C:\\Users\\KingToed\\Documents\\CO5136-TeamRalph\\AsylumTR\\Assets\\Main Menu Stuff\\Materials\\Grass.meta
p1:-1 0 C:\\Users\\KingToed\\Documents\\CO5136-TeamRalph\\AsylumTR\\Assets\\Main Menu Stuff\\Materials\\Grass\\Grass Texture.jpg
p1:-1 1 C:\\Users\\KingToed\\Documents\\CO5136-TeamRalph\\AsylumTR\\Assets\\Main Menu Stuff\\Materials\\Grass\\Grass Texture.jpg.meta
p1:-1 1 C:\\Users\\KingToed\\Documents\\CO5136-TeamRalph\\AsylumTR\\Assets\\Main Menu Stuff\\Materials\\Grass\\Grass Texture.mat
p1:-1 1 C:\\Users\\KingToed\\Documents\\CO5136-TeamRalph\\AsylumTR\\Assets\\Main Menu Stuff\\Materials\\Grass\\Grass Texture.mat.meta
p1:-1 1 C:\\Users\\KingToed\\Documents\\CO5136-TeamRalph\\AsylumTR\\Assets\\Main Menu Stuff\\Materials\\Path.meta
p1:-1 1 C:\\Users\\KingToed\\Documents\\CO5136-TeamRalph\\AsylumTR\\Assets\\Main Menu Stuff\\Materials\\Path\\Path Texture.jpg
p1:-1 2 C:\\Users\\KingToed\\Documents\\CO5136-TeamRalph\\AsylumTR\\Assets\\Main Menu Stuff\\Materials\\Path\\Path Texture.jpg.meta
p1:-1 2 C:\\Users\\KingToed\\Documents\\CO5136-TeamRalph\\AsylumTR\\Assets\\Main Menu Stuff\\Materials\\Path\\Path Texture.mat
p1:-1 2 C:\\Users\\KingToed\\Documents\\CO5136-TeamRalph\\AsylumTR\\Assets\\Main Menu Stuff\\Materials\\Path\\Path Texture.mat.meta
p1:-1 2 C:\\Users\\KingToed\\Documents\\CO5136-TeamRalph\\AsylumTR\\Assets\\Main Menu Stuff\\Scripts\\SCR_OptionsMenu.cs
p1:-1 2 C:\\Users\\KingToed\\Documents\\CO5136-TeamRalph\\AsylumTR\\Assets\\Main Menu Stuff\\Scripts\\SCR_OptionsMenu.cs.meta
p1:-1 2 C:\\Users\\KingToed\\Documents\\CO5136-TeamRalph\\AsylumTR\\Assets\\Prefabs\\Keypad.FBX
p1:-1 2 C:\\Users\\KingToed\\Documents\\CO5136-TeamRalph\\AsylumTR\\Assets\\Prefabs\\Keypad.FBX.meta
p1:-1 2 C:\\Users\\KingToed\\Documents\\CO5136-TeamRalph\\AsylumTR\\Assets\\Scenes\\Asylum.unity
p1:-1 3 C:\\Users\\KingToed\\Documents\\CO5136-TeamRalph\\AsylumTR\\Assets\\Scenes\\Asylum.unity.meta
p1:-1 3 C:\\Users\\KingToed\\Documents\\CO5136-TeamRalph\\AsylumTR\\Assets\\Scenes\\MainMenu.unity
p1:-1 3 C:\\Users\\KingToed\\Documents\\CO5136-TeamRalph\\AsylumTR\\Assets\\Scenes\\MainMenu.unity.meta
p1:-1 3 C:\\Users\\KingToed\\Documents\\CO5136-TeamRalph\\AsylumTR\\Assets\\Sound.meta
p1:-1 3 C:\\Users\\KingToed\\Documents\\CO5136-TeamRalph\\AsylumTR\\Assets\\Sound\\EnterCorridor.wav
p1:-1 3 C:\\Users\\KingToed\\Documents\\CO5136-TeamRalph\\AsylumTR\\Assets\\Sound\\EnterCorridor.wav.meta
p1:-1 3 C:\\Users\\KingToed\\Documents\\CO5136-TeamRalph\\AsylumTR\\Assets\\Sound\\EnterDocOffice.wav
p1:-1 3 C:\\Users\\KingToed\\Documents\\CO5136-TeamRalph\\AsylumTR\\Assets\\Sound\\EnterDocOffice.wav.meta
p1:-1 3 C:\\Users\\KingToed\\Documents\\CO5136-TeamRalph\\AsylumTR\\Assets\\Sound\\EnteringCanteen.wav
p1:-1 4 C:\\Users\\KingToed\\Documents\\CO5136-TeamRalph\\AsylumTR\\Assets\\Sound\\EnteringCanteen.wav.meta
p1:-1 4 C:\\Users\\KingToed\\Documents\\CO5136-TeamRalph\\AsylumTR\\Assets\\Sound\\EnterRoom3.wav
p1:-1 4 C:\\Users\\KingToed\\Documents\\CO5136-TeamRalph\\AsylumTR\\Assets\\Sound\\EnterRoom3.wav.meta
p1:-1 4 C:\\Users\\KingToed\\Documents\\CO5136-TeamRalph\\AsylumTR\\Assets\\Sound\\GetTorch.wav
p1:-1 4 C:\\Users\\KingToed\\Documents\\CO5136-TeamRalph\\AsylumTR\\Assets\\Sound\\GetTorch.wav.meta
p1:-1 4 C:\\Users\\KingToed\\Documents\\CO5136-TeamRalph\\AsylumTR\\Assets\\Sound\\MissingOrange.wav
p1:-1 5 C:\\Users\\KingToed\\Documents\\CO5136-TeamRalph\\AsylumTR\\Assets\\Sound\\MissingOrange.wav.meta
p1:-1 5 C:\\Users\\KingToed\\Documents\\CO5136-TeamRalph\\AsylumTR\\Assets\\Sound\\PlayerGetsKey.wav
p1:-1 5 C:\\Users\\KingToed\\Documents\\CO5136-TeamRalph\\AsylumTR\\Assets\\Sound\\PlayerGetsKey.wav.meta
p1:-1 5 C:\\Users\\KingToed\\Documents\\CO5136-TeamRalph\\AsylumTR\\Assets\\Sound\\Puzzle2Complete.wav
p1:-1 6 C:\\Users\\KingToed\\Documents\\CO5136-TeamRalph\\AsylumTR\\Assets\\Sound\\Puzzle2Complete.wav.meta
p1:-1 6 C:\\Users\\KingToed\\Documents\\CO5136-TeamRalph\\AsylumTR\\Assets\\Sound\\Spawn.wav
p1:-1 6 C:\\Users\\KingToed\\Documents\\CO5136-TeamRalph\\AsylumTR\\Assets\\Sound\\Spawn.wav.meta
p1:-1 6 C:\\Users\\KingToed\\Documents\\CO5136-TeamRalph\\AsylumTR\\Assets\\TextMesh Pro.meta
p1:-1 6 C:\\Users\\KingToed\\Documents\\CO5136-TeamRalph\\AsylumTR\\Assets\\TextMesh Pro\\Documentation.meta
p1:-1 6 C:\\Users\\KingToed\\Documents\\CO5136-TeamRalph\\AsylumTR\\Assets\\TextMesh Pro\\Documentation\\TextMesh Pro User Guide 2016.pdf
p1:-1 6 C:\\Users\\KingToed\\Documents\\CO5136-TeamRalph\\AsylumTR\\Assets\\TextMesh Pro\\Documentation\\TextMesh Pro User Guide 2016.pdf.meta
p1:-1 6 C:\\Users\\KingToed\\Documents\\CO5136-TeamRalph\\AsylumTR\\Assets\\TextMesh Pro\\Resources.meta
p1:-1 6 C:\\Users\\KingToed\\Documents\\CO5136-TeamRalph\\AsylumTR\\Assets\\TextMesh Pro\\Resources\\Fonts & Materials.meta
p1:-1 6 C:\\Users\\KingToed\\Documents\\CO5136-TeamRalph\\AsylumTR\\Assets\\TextMesh Pro\\Resources\\Fonts & Materials\\LiberationSans SDF - Drop Shadow.mat
p1:-1 6 C:\\Users\\KingToed\\Documents\\CO5136-TeamRalph\\AsylumTR\\Assets\\TextMesh Pro\\Resources\\Fonts & Materials\\LiberationSans SDF - Drop Shadow.mat.meta
p1:-1 6 C:\\Users\\KingToed\\Documents\\CO5136-TeamRalph\\AsylumTR\\Assets\\TextMesh Pro\\Resources\\Fonts & Materials\\LiberationSans SDF - Outline.mat
p1:-1 7 C:\\Users\\KingToed\\Documents\\CO5136-TeamRalph\\AsylumTR\\Assets\\TextMesh Pro\\Resources\\Fonts & Materials\\LiberationSans SDF - Outline.mat.meta
p1:-1 7 C:\\Users\\KingToed\\Documents\\CO5136-TeamRalph\\AsylumTR\\Assets\\TextMesh Pro\\Resources\\Fonts & Materials\\LiberationSans SDF.asset
p1:-1 7 C:\\Users\\KingToed\\Documents\\CO5136-TeamRalph\\AsylumTR\\Assets\\TextMesh Pro\\Resources\\Fonts & Materials\\LiberationSans SDF.asset.meta
p1:-1 7 C:\\Users\\KingToed\\Documents\\CO5136-TeamRalph\\AsylumTR\\Assets\\TextMesh Pro\\Resources\\LineBreaking Following Characters.txt
p1:-1 7 C:\\Users\\KingToed\\Documents\\CO5136-TeamRalph\\AsylumTR\\Assets\\TextMesh Pro\\Resources\\LineBreaking Following Characters.txt.meta
p1:-1 8 C:\\Users\\KingToed\\Documents\\CO5136-TeamRalph\\AsylumTR\\Assets\\TextMesh Pro\\Resources\\LineBreaking Leading Characters.txt
p1:-1 8 C:\\Users\\KingToed\\Documents\\CO5136-TeamRalph\\AsylumTR\\Assets\\TextMesh Pro\\Resources\\LineBreaking Leading Characters.txt.meta
p1:-1 8 C:\\Users\\KingToed\\Documents\\CO5136-TeamRalph\\AsylumTR\\Assets\\TextMesh Pro\\Resources\\Shaders.meta
p1:-1 8 C:\\Users\\KingToed\\Documents\\CO5136-TeamRalph\\AsylumTR\\Assets\\TextMesh Pro\\Resources\\Shaders\\TMP_Bitmap-Custom-Atlas.shader
p1:-1 8 C:\\Users\\KingToed\\Documents\\CO5136-TeamRalph\\AsylumTR\\Assets\\TextMesh Pro\\Resources\\Shaders\\TMP_Bitmap-Custom-Atlas.shader.meta
p1:-1 8 C:\\Users\\KingToed\\Documents\\CO5136-TeamRalph\\AsylumTR\\Assets\\TextMesh Pro\\Resources\\Shaders\\TMP_Bitmap-Mobile.shader
p1:-1 8 C:\\Users\\KingToed\\Documents\\CO5136-TeamRalph\\AsylumTR\\Assets\\TextMesh Pro\\Resources\\Shaders\\TMP_Bitmap-Mobile.shader.meta
p1:-1 8 C:\\Users\\KingToed\\Documents\\CO5136-TeamRalph\\AsylumTR\\Assets\\TextMesh Pro\\Resources\\Shaders\\TMP_Bitmap.shader
p1:-1 8 C:\\Users\\KingToed\\Documents\\CO5136-TeamRalph\\AsylumTR\\Assets\\TextMesh Pro\\Resources\\Shaders\\TMP_Bitmap.shader.meta
p1:-1 8 C:\\Users\\KingToed\\Documents\\CO5136-TeamRalph\\AsylumTR\\Assets\\TextMesh Pro\\Resources\\Shaders\\TMP_SDF Overlay.shader
p1:-1 8 C:\\Users\\KingToed\\Documents\\CO5136-TeamRalph\\AsylumTR\\Assets\\TextMesh Pro\\Resources\\Shaders\\TMP_SDF Overlay.shader.meta
p1:-1 8 C:\\Users\\KingToed\\Documents\\CO5136-TeamRalph\\AsylumTR\\Assets\\TextMesh Pro\\Resources\\Shaders\\TMP_SDF-Mobile Masking.shader
p1:-1 8 C:\\Users\\KingToed\\Documents\\CO5136-TeamRalph\\AsylumTR\\Assets\\TextMesh Pro\\Resources\\Shaders\\TMP_SDF-Mobile Masking.shader.meta
p1:-1 8 C:\\Users\\KingToed\\Documents\\CO5136-TeamRalph\\AsylumTR\\Assets\\TextMesh Pro\\Resources\\Shaders\\TMP_SDF-Mobile Overlay.shader
p1:-1 8 C:\\Users\\KingToed\\Documents\\CO5136-TeamRalph\\AsylumTR\\Assets\\TextMesh Pro\\Resources\\Shaders\\TMP_SDF-Mobile Overlay.shader.meta
p1:-1 8 C:\\Users\\KingToed\\Documents\\CO5136-TeamRalph\\AsylumTR\\Assets\\TextMesh Pro\\Resources\\Shaders\\TMP_SDF-Mobile.shader
p1:-1 8 C:\\Users\\KingToed\\Documents\\CO5136-TeamRalph\\AsylumTR\\Assets\\TextMesh Pro\\Resources\\Shaders\\TMP_SDF-Mobile.shader.meta
p1:-1 8 C:\\Users\\KingToed\\Documents\\CO5136-TeamRalph\\AsylumTR\\Assets\\TextMesh Pro\\Resources\\Shaders\\TMP_SDF-Surface-Mobile.shader
p1:-1 8 C:\\Users\\KingToed\\Documents\\CO5136-TeamRalph\\AsylumTR\\Assets\\TextMesh Pro\\Resources\\Shaders\\TMP_SDF-Surface-Mobile.shader.meta
p1:-1 8 C:\\Users\\KingToed\\Documents\\CO5136-TeamRalph\\AsylumTR\\Assets\\TextMesh Pro\\Resources\\Shaders\\TMP_SDF-Surface.shader
p1:-1 8 C:\\Users\\KingToed\\Documents\\CO5136-TeamRalph\\AsylumTR\\Assets\\TextMesh Pro\\Resources\\Shaders\\TMP_SDF-Surface.shader.meta
p1:-1 8 C:\\Users\\KingToed\\Documents\\CO5136-TeamRalph\\AsylumTR\\Assets\\TextMesh Pro\\Resources\\Shaders\\TMP_SDF.shader
p1:-1 8 C:\\Users\\KingToed\\Documents\\CO5136-TeamRalph\\AsylumTR\\Assets\\TextMesh Pro\\Resources\\Shaders\\TMP_SDF.shader.meta
p1:-1 8 C:\\Users\\KingToed\\Documents\\CO5136-TeamRalph\\AsylumTR\\Assets\\TextMesh Pro\\Resources\\Shaders\\TMP_Sprite.shader
p1:-1 8 C:\\Users\\KingToed\\Documents\\CO5136-TeamRalph\\AsylumTR\\Assets\\TextMesh Pro\\Resources\\Shaders\\TMP_Sprite.shader.meta
p1:-1 8 C:\\Users\\KingToed\\Documents\\CO5136-TeamRalph\\AsylumTR\\Assets\\TextMesh Pro\\Resources\\Shaders\\TMPro.cginc
p1:-1 8 C:\\Users\\KingToed\\Documents\\CO5136-TeamRalph\\AsylumTR\\Assets\\TextMesh Pro\\Resources\\Shaders\\TMPro.cginc.meta
p1:-1 8 C:\\Users\\KingToed\\Documents\\CO5136-TeamRalph\\AsylumTR\\Assets\\TextMesh Pro\\Resources\\Shaders\\TMPro_Properties.cginc
p1:-1 8 C:\\Users\\KingToed\\Documents\\CO5136-TeamRalph\\AsylumTR\\Assets\\TextMesh Pro\\Resources\\Shaders\\TMPro_Properties.cginc.meta
p1:-1 8 C:\\Users\\KingToed\\Documents\\CO5136-TeamRalph\\AsylumTR\\Assets\\TextMesh Pro\\Resources\\Shaders\\TMPro_Surface.cginc
p1:-1 8 C:\\Users\\KingToed\\Documents\\CO5136-TeamRalph\\AsylumTR\\Assets\\TextMesh Pro\\Resources\\Shaders\\TMPro_Surface.cginc.meta
p1:-1 8 C:\\Users\\KingToed\\Documents\\CO5136-TeamRalph\\AsylumTR\\Assets\\TextMesh Pro\\Resources\\Sprite Assets.meta
p1:-1 8 C:\\Users\\KingToed\\Documents\\CO5136-TeamRalph\\AsylumTR\\Assets\\TextMesh Pro\\Resources\\Sprite Assets\\EmojiOne.asset
p1:-1 8 C:\\Users\\KingToed\\Documents\\CO5136-TeamRalph\\AsylumTR\\Assets\\TextMesh Pro\\Resources\\Sprite Assets\\EmojiOne.asset.meta
p1:-1 8 C:\\Users\\KingToed\\Documents\\CO5136-TeamRalph\\AsylumTR\\Assets\\TextMesh Pro\\Resources\\Style Sheets.meta
p1:-1 8 C:\\Users\\KingToed\\Documents\\CO5136-TeamRalph\\AsylumTR\\Assets\\TextMesh Pro\\Resources\\Style Sheets\\Default Style Sheet.asset
p1:-1 8 C:\\Users\\KingToed\\Documents\\CO5136-TeamRalph\\AsylumTR\\Assets\\TextMesh Pro\\Resources\\Style Sheets\\Default Style Sheet.asset.meta
p1:-1 8 C:\\Users\\KingToed\\Documents\\CO5136-TeamRalph\\AsylumTR\\Assets\\TextMesh Pro\\Resources\\TMP Settings.asset
p1:-1 8 C:\\Users\\KingToed\\Documents\\CO5136-TeamRalph\\AsylumTR\\Assets\\TextMesh Pro\\Resources\\TMP Settings.asset.meta
p1:-1 8 C:\\Users\\KingToed\\Documents\\CO5136-TeamRalph\\AsylumTR\\Assets\\TextMesh Pro\\Sprites.meta
p1:-1 8 C:\\Users\\KingToed\\Documents\\CO5136-TeamRalph\\AsylumTR\\Assets\\TextMesh Pro\\Sprites\\EmojiOne Attribution.txt
p1:-1 8 C:\\Users\\KingToed\\Documents\\CO5136-TeamRalph\\AsylumTR\\Assets\\TextMesh Pro\\Sprites\\EmojiOne Attribution.txt.meta
p1:-1 8 C:\\Users\\KingToed\\Documents\\CO5136-TeamRalph\\AsylumTR\\Assets\\TextMesh Pro\\Sprites\\EmojiOne.json
p1:-1 8 C:\\Users\\KingToed\\Documents\\CO5136-TeamRalph\\AsylumTR\\Assets\\TextMesh Pro\\Sprites\\EmojiOne.json.meta
p1:-1 8 C:\\Users\\KingToed\\Documents\\CO5136-TeamRalph\\AsylumTR\\Assets\\TextMesh Pro\\Sprites\\EmojiOne.png
p1:-1 8 C:\\Users\\KingToed\\Documents\\CO5136-TeamRalph\\AsylumTR\\Assets\\TextMesh Pro\\Sprites\\EmojiOne.png.meta
p1:-1 8 C:\\Users\\KingToed\\Documents\\CO5136-TeamRalph\\AsylumTR\\Assets\\Textures\\Keypad [AlbedoM].psd
p1:-1 8 C:\\Users\\KingToed\\Documents\\CO5136-TeamRalph\\AsylumTR\\Assets\\Textures\\Keypad [AlbedoM].psd.meta
p1:-1 8 C:\\Users\\KingToed\\Documents\\CO5136-TeamRalph\\AsylumTR\\ProjectSettings\\QualitySettings.asset
p1:-1 0 Change 7227 created with 2 open file(s).
p1:-1 0 Submitting change 7227.
p1:-1 0 Locking 2 files ...
p1:-1 0 edit //CO5136-TeamRalph/AsylumTR/Assets/Scripts/SCR_InventoryManage.cs#15
p1:-1 0 edit //CO5136-TeamRalph/AsylumTR/Assets/Scripts/SCR_InventoryManage.cs.meta#15
p1:-1 1 Change 7227 submitted.
p1:-1 0 Change 7228 created with 2 open file(s).
p1:-1 0 Submitting change 7228.
p1:-1 0 Locking 2 files ...
p1:-1 0 edit //CO5136-TeamRalph/AsylumTR/Assets/Scripts/SCR_PuzzleComplete.cs#7
p1:-1 0 edit //CO5136-TeamRalph/AsylumTR/Assets/Scripts/SCR_PuzzleComplete.cs.meta#7
p1:-1 1 Change 7228 submitted.
p1:-1 0 Change 7229 created with 2 open file(s).
p1:-1 0 Submitting change 7229.
p1:-1 0 Locking 2 files ...
p1:-1 0 edit //CO5136-TeamRalph/AsylumTR/Assets/Scripts/SCR_itemCheck.cs#4
p1:-1 0 edit //CO5136-TeamRalph/AsylumTR/Assets/Scripts/SCR_itemCheck.cs.meta#4
p1:-1 0 Change 7229 submitted.
p1:-1 1 Change 7230 created with 2 open file(s).
p1:-1 1 Submitting change 7230.
p1:-1 1 Locking 2 files ...
p1:-1 1 edit //CO5136-TeamRalph/AsylumTR/Assets/Scripts/SCR_objectGrab.cs#8
p1:-1 1 edit //CO5136-TeamRalph/AsylumTR/Assets/Scripts/SCR_objectGrab.cs.meta#8
p1:-1 1 Change 7230 submitted.
p1:-1 0 Change 7250 created with 2 open file(s).
p1:-1 0 Submitting change 7250.
p1:-1 0 Locking 2 files ...
p1:-1 0 edit //CO5136-TeamRalph/AsylumTR/Assets/Scenes/Asylum.unity#86
p1:-1 43 edit //CO5136-TeamRalph/AsylumTR/Assets/Scenes/Asylum.unity.meta#86
p1:-1 57 Change 7250 submitted.
p1:-1 0 Change 7251 created with 2 open file(s).
p1:-1 0 Submitting change 7251.
p1:-1 0 Locking 2 files ...
p1:-1 0 edit //CO5136-TeamRalph/AsylumTR/Assets/FIXEDStandard Assets/Characters/FirstPersonCharacter/Scripts/FirstPersonController.cs#4
p1:-1 0 edit //CO5136-TeamRalph/AsylumTR/Assets/FIXEDStandard Assets/Characters/FirstPersonCharacter/Scripts/FirstPersonController.cs.meta#4
p1:-1 1 Change 7251 submitted.
p1:-1 0 Change 7252 created with 2 open file(s).
p1:-1 0 Submitting change 7252.
p1:-1 0 Locking 2 files ...
p1:-1 0 edit //CO5136-TeamRalph/AsylumTR/Assets/Materials/FoodHallBoard002 [AlbedoM].mat#2
p1:-1 0 edit //CO5136-TeamRalph/AsylumTR/Assets/Materials/FoodHallBoard002 [AlbedoM].mat.meta#2
p1:-1 0 Change 7252 submitted.
p1:-1 0 Change 7253 created with 2 open file(s).
p1:-1 0 Submitting change 7253.
p1:-1 0 Locking 2 files ...
p1:-1 0 add //CO5136-TeamRalph/AsylumTR/Assets/Prefabs/FoodHallBoard2 updated.prefab#1
p1:-1 0 add //CO5136-TeamRalph/AsylumTR/Assets/Prefabs/FoodHallBoard2 updated.prefab.meta#1
p1:-1 0 Change 7253 submitted.
p1:-1 0 Change 7254 created with 4 open file(s).
p1:-1 0 Submitting change 7254.
p1:-1 0 Locking 4 files ...
p1:-1 0 move/add //CO5136-TeamRalph/AsylumTR/Assets/Prefabs/Keypad updated prefab.prefab#1
p1:-1 0 move/add //CO5136-TeamRalph/AsylumTR/Assets/Prefabs/Keypad updated prefab.prefab.meta#1
p1:-1 0 move/delete //CO5136-TeamRalph/AsylumTR/Assets/Prefabs/Keypad.prefab#3
p1:-1 0 move/delete //CO5136-TeamRalph/AsylumTR/Assets/Prefabs/Keypad.prefab.meta#3
p1:-1 0 Change 7254 submitted.
p1:-1 0 Change 7255 created with 2 open file(s).
p1:-1 0 Submitting change 7255.
p1:-1 0 Locking 2 files ...
p1:-1 0 edit //CO5136-TeamRalph/AsylumTR/Assets/Prefabs/Torch - Model 1.prefab#7
p1:-1 0 edit //CO5136-TeamRalph/AsylumTR/Assets/Prefabs/Torch - Model 1.prefab.meta#7
p1:-1 0 Change 7255 submitted.
p1:-1 0 Change 7256 created with 2 open file(s).
p1:-1 0 Submitting change 7256.
p1:-1 0 Locking 2 files ...
p1:-1 0 add //CO5136-TeamRalph/AsylumTR/Assets/Scripts/SCR_PlaySound.cs#1
p1:-1 0 add //CO5136-TeamRalph/AsylumTR/Assets/Scripts/SCR_PlaySound.cs.meta#1
p1:-1 0 Change 7256 submitted.
p1:-1 0 Change 7257 created with 2 open file(s).
p1:-1 0 Submitting change 7257.
p1:-1 0 Locking 2 files ...
p1:-1 0 add //CO5136-TeamRalph/AsylumTR/Assets/Scripts/SCR_EndGame.cs#1
p1:-1 0 add //CO5136-TeamRalph/AsylumTR/Assets/Scripts/SCR_EndGame.cs.meta#1
p1:-1 0 Change 7257 submitted.
p1:-1 0 Change 7258 created with 6 open file(s).
p1:-1 0 Submitting change 7258.
p1:-1 0 Locking 6 files ...
p1:-1 0 edit //CO5136-TeamRalph/AsylumTR/Assets/Scripts/SCR_puzzle2Manager.cs#5
p1:-1 0 edit //CO5136-TeamRalph/AsylumTR/Assets/Scripts/SCR_puzzle2Manager.cs.meta#5
p1:-1 0 edit //CO5136-TeamRalph/AsylumTR/Assets/Scripts/SCR_PuzzleComplete.cs#8
p1:-1 0 edit //CO5136-TeamRalph/AsylumTR/Assets/Scripts/SCR_PuzzleComplete.cs.meta#8
p1:-1 0 edit //CO5136-TeamRalph/AsylumTR/Assets/Scripts/SCR_SafePuzzle.cs#7
p1:-1 0 edit //CO5136-TeamRalph/AsylumTR/Assets/Scripts/SCR_SafePuzzle.cs.meta#7
p1:-1 0 Change 7258 submitted.
p1:-1 1 Change 7259 created with 2 open file(s).
p1:-1 1 Submitting change 7259.
p1:-1 1 Locking 2 files ...
p1:-1 1 edit //CO5136-TeamRalph/AsylumTR/Assets/Scenes/Asylum.unity#87
p1:-1 1 edit //CO5136-TeamRalph/AsylumTR/Assets/Scenes/Asylum.unity.meta#87
p1:-1 2 Change 7259 submitted.
p1:-1 1 Change 7260 created with 2 open file(s).
p1:-1 1 Submitting change 7260.
p1:-1 1 Locking 2 files ...
p1:-1 1 edit //CO5136-TeamRalph/AsylumTR/Assets/Scenes/Asylum.unity#88
p1:-1 1 edit //CO5136-TeamRalph/AsylumTR/Assets/Scenes/Asylum.unity.meta#88
p1:-1 2 Change 7260 submitted.
p1:-1 1 Change 7261 created with 8 open file(s).
p1:-1 1 Submitting change 7261.
p1:-1 1 Locking 8 files ...
p1:-1 1 edit //CO5136-TeamRalph/AsylumTR/Assets/Scripts/SCR_EndGame.cs#2
p1:-1 1 edit //CO5136-TeamRalph/AsylumTR/Assets/Scripts/SCR_EndGame.cs.meta#2
p1:-1 1 edit //CO5136-TeamRalph/AsylumTR/Assets/Scripts/SCR_puzzle2Manager.cs#6
p1:-1 1 edit //CO5136-TeamRalph/AsylumTR/Assets/Scripts/SCR_puzzle2Manager.cs.meta#6
p1:-1 1 edit //CO5136-TeamRalph/AsylumTR/Assets/Scripts/SCR_PuzzleComplete.cs#9
p1:-1 1 edit //CO5136-TeamRalph/AsylumTR/Assets/Scripts/SCR_PuzzleComplete.cs.meta#9
p1:-1 1 edit //CO5136-TeamRalph/AsylumTR/Assets/Scripts/SCR_SafePuzzle.cs#8
p1:-1 1 edit //CO5136-TeamRalph/AsylumTR/Assets/Scripts/SCR_SafePuzzle.cs.meta#8
p1:-1 1 Change 7261 submitted.
p1:-1 1 Change 7264 created with 2 open file(s).
p1:-1 1 Submitting change 7264.
p1:-1 1 Locking 2 files ...
p1:-1 1 edit //CO5136-TeamRalph/AsylumTR/Assets/TextMesh Pro/Resources/Fonts & Materials/LiberationSans SDF.asset#5
p1:-1 1 edit //CO5136-TeamRalph/AsylumTR/Assets/TextMesh Pro/Resources/Fonts & Materials/LiberationSans SDF.asset.meta#5
p1:-1 2 Change 7264 submitted.
p1:-1 0 Change 7265 created with 2 open file(s).
p1:-1 0 Submitting change 7265.
p1:-1 0 Locking 2 files ...
p1:-1 0 add //CO5136-TeamRalph/AsylumTR/Assets/Prefabs/Fadeoutcanvas.prefab#1
p1:-1 0 add //CO5136-TeamRalph/AsylumTR/Assets/Prefabs/Fadeoutcanvas.prefab.meta#1
p1:-1 0 Change 7265 submitted.
p1:-1 1 Change 7266 created with 2 open file(s).
p1:-1 1 Submitting change 7266.
p1:-1 1 Locking 2 files ...
p1:-1 1 edit //CO5136-TeamRalph/AsylumTR/Assets/Scripts/SCR_PlaySound.cs#2
p1:-1 1 edit //CO5136-TeamRalph/AsylumTR/Assets/Scripts/SCR_PlaySound.cs.meta#2
p1:-1 1 Change 7266 submitted.
p1:-1 1 Change 7267 created with 2 open file(s).
p1:-1 1 Submitting change 7267.
p1:-1 1 Locking 2 files ...
p1:-1 1 edit //CO5136-TeamRalph/AsylumTR/Assets/Scenes/Asylum.unity#89
p1:-1 2 edit //CO5136-TeamRalph/AsylumTR/Assets/Scenes/Asylum.unity.meta#89
p1:-1 2 Change 7267 submitted.
p1:-1 0 C:\\Users\\KingToed\\Documents\\CO5136-TeamRalph\\AsylumTR\\Assets\\Alice models\\apple texture.jpg
p1:-1 0 C:\\Users\\KingToed\\Documents\\CO5136-TeamRalph\\AsylumTR\\Assets\\Alice models\\apple texture.jpg.meta
p1:-1 0 C:\\Users\\KingToed\\Documents\\CO5136-TeamRalph\\AsylumTR\\Assets\\Alice models\\coffeetable.jpg
p1:-1 0 C:\\Users\\KingToed\\Documents\\CO5136-TeamRalph\\AsylumTR\\Assets\\Alice models\\coffeetable.jpg.meta
p1:-1 0 C:\\Users\\KingToed\\Documents\\CO5136-TeamRalph\\AsylumTR\\Assets\\Alice models\\peachT.jpg
p1:-1 0 C:\\Users\\KingToed\\Documents\\CO5136-TeamRalph\\AsylumTR\\Assets\\Alice models\\peachT.jpg.meta
p1:-1 0 C:\\Users\\KingToed\\Documents\\CO5136-TeamRalph\\AsylumTR\\Assets\\Alice models\\plate texture.jpg
p1:-1 0 C:\\Users\\KingToed\\Documents\\CO5136-TeamRalph\\AsylumTR\\Assets\\Alice models\\plate texture.jpg.meta
p1:-1 0 C:\\Users\\KingToed\\Documents\\CO5136-TeamRalph\\AsylumTR\\Assets\\Alice models\\radiator.jpg
p1:-1 0 C:\\Users\\KingToed\\Documents\\CO5136-TeamRalph\\AsylumTR\\Assets\\Alice models\\radiator.jpg.meta
p1:-1 0 C:\\Users\\KingToed\\Documents\\CO5136-TeamRalph\\AsylumTR\\Assets\\Alice models\\sink texture.jpg
p1:-1 0 C:\\Users\\KingToed\\Documents\\CO5136-TeamRalph\\AsylumTR\\Assets\\Alice models\\sink texture.jpg.meta
p1:-1 0 C:\\Users\\KingToed\\Documents\\CO5136-TeamRalph\\AsylumTR\\Assets\\Alice models\\Materials\\book 1 texture.mat
p1:-1 0 C:\\Users\\KingToed\\Documents\\CO5136-TeamRalph\\AsylumTR\\Assets\\Alice models\\Materials\\book 1 texture.mat.meta
p1:-1 0 C:\\Users\\KingToed\\Documents\\CO5136-TeamRalph\\AsylumTR\\Assets\\Alice models\\Materials\\book 2.mat
p1:-1 0 C:\\Users\\KingToed\\Documents\\CO5136-TeamRalph\\AsylumTR\\Assets\\Alice models\\Materials\\book 2.mat.meta
p1:-1 0 C:\\Users\\KingToed\\Documents\\CO5136-TeamRalph\\AsylumTR\\Assets\\Alice models\\Materials\\bue.mat
p1:-1 0 C:\\Users\\KingToed\\Documents\\CO5136-TeamRalph\\AsylumTR\\Assets\\Alice models\\Materials\\bue.mat.meta
p1:-1 0 C:\\Users\\KingToed\\Documents\\CO5136-TeamRalph\\AsylumTR\\Assets\\Alice models\\Materials\\cactus.mat
p1:-1 0 C:\\Users\\KingToed\\Documents\\CO5136-TeamRalph\\AsylumTR\\Assets\\Alice models\\Materials\\cactus.mat.meta
p1:-1 0 C:\\Users\\KingToed\\Documents\\CO5136-TeamRalph\\AsylumTR\\Assets\\Alice models\\Materials\\soil.mat
p1:-1 0 C:\\Users\\KingToed\\Documents\\CO5136-TeamRalph\\AsylumTR\\Assets\\Alice models\\Materials\\soil.mat.meta
p1:-1 0 C:\\Users\\KingToed\\Documents\\CO5136-TeamRalph\\AsylumTR\\Assets\\Alice models\\Materials\\terracotta.mat
p1:-1 0 C:\\Users\\KingToed\\Documents\\CO5136-TeamRalph\\AsylumTR\\Assets\\Alice models\\Materials\\terracotta.mat.meta
p1:-1 0 C:\\Users\\KingToed\\Documents\\CO5136-TeamRalph\\AsylumTR\\Assets\\Alice models\\Textures.meta
p1:-1 0 C:\\Users\\KingToed\\Documents\\CO5136-TeamRalph\\AsylumTR\\Assets\\Alice models\\Textures\\apple texture.jpg
p1:-1 0 C:\\Users\\KingToed\\Documents\\CO5136-TeamRalph\\AsylumTR\\Assets\\Alice models\\Textures\\apple texture.jpg.meta
p1:-1 0 C:\\Users\\KingToed\\Documents\\CO5136-TeamRalph\\AsylumTR\\Assets\\Alice models\\Textures\\Beech.jpg
p1:-1 0 C:\\Users\\KingToed\\Documents\\CO5136-TeamRalph\\AsylumTR\\Assets\\Alice models\\Textures\\Beech.jpg.meta
p1:-1 0 C:\\Users\\KingToed\\Documents\\CO5136-TeamRalph\\AsylumTR\\Assets\\Alice models\\Textures\\black plastic.jpg
p1:-1 0 C:\\Users\\KingToed\\Documents\\CO5136-TeamRalph\\AsylumTR\\Assets\\Alice models\\Textures\\black plastic.jpg.meta
p1:-1 0 C:\\Users\\KingToed\\Documents\\CO5136-TeamRalph\\AsylumTR\\Assets\\Alice models\\Textures\\book 1 texture.jpg
p1:-1 0 C:\\Users\\KingToed\\Documents\\CO5136-TeamRalph\\AsylumTR\\Assets\\Alice models\\Textures\\book 1 texture.jpg.meta
p1:-1 0 C:\\Users\\KingToed\\Documents\\CO5136-TeamRalph\\AsylumTR\\Assets\\Alice models\\Textures\\book 2.jpg
p1:-1 0 C:\\Users\\KingToed\\Documents\\CO5136-TeamRalph\\AsylumTR\\Assets\\Alice models\\Textures\\book 2.jpg.meta
p1:-1 0 C:\\Users\\KingToed\\Documents\\CO5136-TeamRalph\\AsylumTR\\Assets\\Alice models\\Textures\\bue.jpg
p1:-1 0 C:\\Users\\KingToed\\Documents\\CO5136-TeamRalph\\AsylumTR\\Assets\\Alice models\\Textures\\bue.jpg.meta
p1:-1 0 C:\\Users\\KingToed\\Documents\\CO5136-TeamRalph\\AsylumTR\\Assets\\Alice models\\Textures\\cactus.jpg
p1:-1 0 C:\\Users\\KingToed\\Documents\\CO5136-TeamRalph\\AsylumTR\\Assets\\Alice models\\Textures\\cactus.jpg.meta
p1:-1 0 C:\\Users\\KingToed\\Documents\\CO5136-TeamRalph\\AsylumTR\\Assets\\Alice models\\Textures\\coffeetable.jpg
p1:-1 0 C:\\Users\\KingToed\\Documents\\CO5136-TeamRalph\\AsylumTR\\Assets\\Alice models\\Textures\\coffeetable.jpg.meta
p1:-1 0 C:\\Users\\KingToed\\Documents\\CO5136-TeamRalph\\AsylumTR\\Assets\\Alice models\\Textures\\peachT.jpg
p1:-1 0 C:\\Users\\KingToed\\Documents\\CO5136-TeamRalph\\AsylumTR\\Assets\\Alice models\\Textures\\peachT.jpg.meta
p1:-1 0 C:\\Users\\KingToed\\Documents\\CO5136-TeamRalph\\AsylumTR\\Assets\\Alice models\\Textures\\plate texture.jpg
p1:-1 0 C:\\Users\\KingToed\\Documents\\CO5136-TeamRalph\\AsylumTR\\Assets\\Alice models\\Textures\\plate texture.jpg.meta
p1:-1 0 C:\\Users\\KingToed\\Documents\\CO5136-TeamRalph\\AsylumTR\\Assets\\Alice models\\Textures\\radiator.jpg
p1:-1 0 C:\\Users\\KingToed\\Documents\\CO5136-TeamRalph\\AsylumTR\\Assets\\Alice models\\Textures\\radiator.jpg.meta
p1:-1 0 C:\\Users\\KingToed\\Documents\\CO5136-TeamRalph\\AsylumTR\\Assets\\Alice models\\Textures\\red.png
p1:-1 0 C:\\Users\\KingToed\\Documents\\CO5136-TeamRalph\\AsylumTR\\Assets\\Alice models\\Textures\\red.png.meta
p1:-1 0 C:\\Users\\KingToed\\Documents\\CO5136-TeamRalph\\AsylumTR\\Assets\\Alice models\\Textures\\sink texture.jpg
p1:-1 0 C:\\Users\\KingToed\\Documents\\CO5136-TeamRalph\\AsylumTR\\Assets\\Alice models\\Textures\\sink texture.jpg.meta
p1:-1 0 C:\\Users\\KingToed\\Documents\\CO5136-TeamRalph\\AsylumTR\\Assets\\Alice models\\Textures\\soil.jpg
p1:-1 0 C:\\Users\\KingToed\\Documents\\CO5136-TeamRalph\\AsylumTR\\Assets\\Alice models\\Textures\\soil.jpg.meta
p1:-1 0 C:\\Users\\KingToed\\Documents\\CO5136-TeamRalph\\AsylumTR\\Assets\\Alice models\\Textures\\terracotta.jpg
p1:-1 0 C:\\Users\\KingToed\\Documents\\CO5136-TeamRalph\\AsylumTR\\Assets\\Alice models\\Textures\\terracotta.jpg.meta
p1:-1 0 C:\\Users\\KingToed\\Documents\\CO5136-TeamRalph\\AsylumTR\\Assets\\Main Menu Stuff\\Scripts\\SCR_MainMenu.cs
p1:-1 0 C:\\Users\\KingToed\\Documents\\CO5136-TeamRalph\\AsylumTR\\Assets\\Main Menu Stuff\\Scripts\\SCR_MainMenu.cs.meta
p1:-1 0 C:\\Users\\KingToed\\Documents\\CO5136-TeamRalph\\AsylumTR\\Assets\\Main Menu Stuff\\Scripts\\SCR_OptionsMenu.cs
p1:-1 0 C:\\Users\\KingToed\\Documents\\CO5136-TeamRalph\\AsylumTR\\Assets\\Main Menu Stuff\\Scripts\\SCR_OptionsMenu.cs.meta
p1:-1 0 C:\\Users\\KingToed\\Documents\\CO5136-TeamRalph\\AsylumTR\\Assets\\Materials\\Banana skin texture.mat
p1:-1 1 C:\\Users\\KingToed\\Documents\\CO5136-TeamRalph\\AsylumTR\\Assets\\Materials\\Banana skin texture.mat.meta
p1:-1 1 C:\\Users\\KingToed\\Documents\\CO5136-TeamRalph\\AsylumTR\\Assets\\Materials\\Bed_Mattress.mat
p1:-1 1 C:\\Users\\KingToed\\Documents\\CO5136-TeamRalph\\AsylumTR\\Assets\\Materials\\Bed_Mattress.mat.meta
p1:-1 1 C:\\Users\\KingToed\\Documents\\CO5136-TeamRalph\\AsylumTR\\Assets\\Materials\\Bed_Pillow.mat
p1:-1 1 C:\\Users\\KingToed\\Documents\\CO5136-TeamRalph\\AsylumTR\\Assets\\Materials\\Bed_Pillow.mat.meta
p1:-1 1 C:\\Users\\KingToed\\Documents\\CO5136-TeamRalph\\AsylumTR\\Assets\\Materials\\Bed_Steel.mat
p1:-1 1 C:\\Users\\KingToed\\Documents\\CO5136-TeamRalph\\AsylumTR\\Assets\\Materials\\Bed_Steel.mat.meta
p1:-1 1 C:\\Users\\KingToed\\Documents\\CO5136-TeamRalph\\AsylumTR\\Assets\\Materials\\C_Lamp_U_Texture.mat
p1:-1 1 C:\\Users\\KingToed\\Documents\\CO5136-TeamRalph\\AsylumTR\\Assets\\Materials\\C_Lamp_U_Texture.mat.meta
p1:-1 1 C:\\Users\\KingToed\\Documents\\CO5136-TeamRalph\\AsylumTR\\Assets\\Materials\\Colour_Wheelchair_Wheel_Blue.mat
p1:-1 1 C:\\Users\\KingToed\\Documents\\CO5136-TeamRalph\\AsylumTR\\Assets\\Materials\\Colour_Wheelchair_Wheel_Blue.mat.meta
p1:-1 1 C:\\Users\\KingToed\\Documents\\CO5136-TeamRalph\\AsylumTR\\Assets\\Materials\\Colour_Wheelchair_Wheel_Green.mat
p1:-1 1 C:\\Users\\KingToed\\Documents\\CO5136-TeamRalph\\AsylumTR\\Assets\\Materials\\Colour_Wheelchair_Wheel_Green.mat.meta
p1:-1 1 C:\\Users\\KingToed\\Documents\\CO5136-TeamRalph\\AsylumTR\\Assets\\Materials\\Colour_Wheelchair_Wheel_Red.mat
p1:-1 1 C:\\Users\\KingToed\\Documents\\CO5136-TeamRalph\\AsylumTR\\Assets\\Materials\\Colour_Wheelchair_Wheel_Red.mat.meta
p1:-1 1 C:\\Users\\KingToed\\Documents\\CO5136-TeamRalph\\AsylumTR\\Assets\\Materials\\Couch_Texture.mat
p1:-1 1 C:\\Users\\KingToed\\Documents\\CO5136-TeamRalph\\AsylumTR\\Assets\\Materials\\Couch_Texture.mat.meta
p1:-1 1 C:\\Users\\KingToed\\Documents\\CO5136-TeamRalph\\AsylumTR\\Assets\\Materials\\Hospital_Bed_Texture.mat
p1:-1 1 C:\\Users\\KingToed\\Documents\\CO5136-TeamRalph\\AsylumTR\\Assets\\Materials\\Hospital_Bed_Texture.mat.meta
p1:-1 1 C:\\Users\\KingToed\\Documents\\CO5136-TeamRalph\\AsylumTR\\Assets\\Materials\\Kitchencounter_Texture.mat
p1:-1 1 C:\\Users\\KingToed\\Documents\\CO5136-TeamRalph\\AsylumTR\\Assets\\Materials\\Kitchencounter_Texture.mat.meta
p1:-1 1 C:\\Users\\KingToed\\Documents\\CO5136-TeamRalph\\AsylumTR\\Assets\\Materials\\Kiwi_Texture.mat
p1:-1 1 C:\\Users\\KingToed\\Documents\\CO5136-TeamRalph\\AsylumTR\\Assets\\Materials\\Kiwi_Texture.mat.meta
p1:-1 1 C:\\Users\\KingToed\\Documents\\CO5136-TeamRalph\\AsylumTR\\Assets\\Materials\\Safe_Container_Texture.mat
p1:-1 1 C:\\Users\\KingToed\\Documents\\CO5136-TeamRalph\\AsylumTR\\Assets\\Materials\\Safe_Container_Texture.mat.meta
p1:-1 1 C:\\Users\\KingToed\\Documents\\CO5136-TeamRalph\\AsylumTR\\Assets\\Materials\\Safe_Door_Texture.mat
p1:-1 1 C:\\Users\\KingToed\\Documents\\CO5136-TeamRalph\\AsylumTR\\Assets\\Materials\\Safe_Door_Texture.mat.meta
p1:-1 1 C:\\Users\\KingToed\\Documents\\CO5136-TeamRalph\\AsylumTR\\Assets\\Materials\\Table_Canteen_Wooden.mat
p1:-1 1 C:\\Users\\KingToed\\Documents\\CO5136-TeamRalph\\AsylumTR\\Assets\\Materials\\Table_Canteen_Wooden.mat.meta
p1:-1 1 C:\\Users\\KingToed\\Documents\\CO5136-TeamRalph\\AsylumTR\\Assets\\Materials\\Wheelchair_Back_UV.mat
p1:-1 1 C:\\Users\\KingToed\\Documents\\CO5136-TeamRalph\\AsylumTR\\Assets\\Materials\\Wheelchair_Back_UV.mat.meta
p1:-1 1 C:\\Users\\KingToed\\Documents\\CO5136-TeamRalph\\AsylumTR\\Assets\\Materials\\Wheelchair_Seat_UV.mat
p1:-1 1 C:\\Users\\KingToed\\Documents\\CO5136-TeamRalph\\AsylumTR\\Assets\\Materials\\Wheelchair_Seat_UV.mat.meta
p1:-1 1 C:\\Users\\KingToed\\Documents\\CO5136-TeamRalph\\AsylumTR\\Assets\\Materials\\Wheelchair_Wheel_Texture.mat
p1:-1 1 C:\\Users\\KingToed\\Documents\\CO5136-TeamRalph\\AsylumTR\\Assets\\Materials\\Wheelchair_Wheel_Texture.mat.meta
p1:-1 1 C:\\Users\\KingToed\\Documents\\CO5136-TeamRalph\\AsylumTR\\Assets\\Materials\\Wooden_Door_UV.mat
p1:-1 1 C:\\Users\\KingToed\\Documents\\CO5136-TeamRalph\\AsylumTR\\Assets\\Materials\\Wooden_Door_UV.mat.meta
p1:-1 1 C:\\Users\\KingToed\\Documents\\CO5136-TeamRalph\\AsylumTR\\Assets\\Prefabs\\Unwrapped_Bed.FBX
p1:-1 1 C:\\Users\\KingToed\\Documents\\CO5136-TeamRalph\\AsylumTR\\Assets\\Prefabs\\Unwrapped_Bed.FBX.meta
p1:-1 2 C:\\Users\\KingToed\\Documents\\CO5136-TeamRalph\\AsylumTR\\Assets\\Prefabs\\Unwrapped_Couch.FBX
p1:-1 2 C:\\Users\\KingToed\\Documents\\CO5136-TeamRalph\\AsylumTR\\Assets\\Prefabs\\Unwrapped_Couch.FBX.meta
p1:-1 2 C:\\Users\\KingToed\\Documents\\CO5136-TeamRalph\\AsylumTR\\Assets\\Prefabs\\Unwrapped_Foodhall_Table.FBX
p1:-1 2 C:\\Users\\KingToed\\Documents\\CO5136-TeamRalph\\AsylumTR\\Assets\\Prefabs\\Unwrapped_Foodhall_Table.FBX.meta
p1:-1 2 C:\\Users\\KingToed\\Documents\\CO5136-TeamRalph\\AsylumTR\\Assets\\Prefabs\\Unwrapped_Hospital_Bed.FBX
p1:-1 2 C:\\Users\\KingToed\\Documents\\CO5136-TeamRalph\\AsylumTR\\Assets\\Prefabs\\Unwrapped_Hospital_Bed.FBX.meta
p1:-1 2 C:\\Users\\KingToed\\Documents\\CO5136-TeamRalph\\AsylumTR\\Assets\\Prefabs\\Unwrapped_Kitchen_Counter.FBX
p1:-1 2 C:\\Users\\KingToed\\Documents\\CO5136-TeamRalph\\AsylumTR\\Assets\\Prefabs\\Unwrapped_Kitchen_Counter.FBX.meta
p1:-1 2 C:\\Users\\KingToed\\Documents\\CO5136-TeamRalph\\AsylumTR\\Assets\\Prefabs\\Unwrapped_Kiwi.FBX
p1:-1 2 C:\\Users\\KingToed\\Documents\\CO5136-TeamRalph\\AsylumTR\\Assets\\Prefabs\\Unwrapped_Kiwi.FBX.meta
p1:-1 2 C:\\Users\\KingToed\\Documents\\CO5136-TeamRalph\\AsylumTR\\Assets\\Prefabs\\Unwrapped_Safe.FBX
p1:-1 2 C:\\Users\\KingToed\\Documents\\CO5136-TeamRalph\\AsylumTR\\Assets\\Prefabs\\Unwrapped_Safe.FBX.meta
p1:-1 2 C:\\Users\\KingToed\\Documents\\CO5136-TeamRalph\\AsylumTR\\Assets\\Prefabs\\Unwrapped_Tall_Lamp.FBX
p1:-1 2 C:\\Users\\KingToed\\Documents\\CO5136-TeamRalph\\AsylumTR\\Assets\\Prefabs\\Unwrapped_Tall_Lamp.FBX.meta
p1:-1 2 C:\\Users\\KingToed\\Documents\\CO5136-TeamRalph\\AsylumTR\\Assets\\Prefabs\\Unwrapped_Wheelchair.FBX
p1:-1 2 C:\\Users\\KingToed\\Documents\\CO5136-TeamRalph\\AsylumTR\\Assets\\Prefabs\\Unwrapped_Wheelchair.FBX.meta
p1:-1 2 C:\\Users\\KingToed\\Documents\\CO5136-TeamRalph\\AsylumTR\\Assets\\Prefabs\\Unwrapped_Wooden_door.FBX
p1:-1 2 C:\\Users\\KingToed\\Documents\\CO5136-TeamRalph\\AsylumTR\\Assets\\Prefabs\\Unwrapped_Wooden_door.FBX.meta
p1:-1 2 C:\\Users\\KingToed\\Documents\\CO5136-TeamRalph\\AsylumTR\\Assets\\ProBuilder Data\\ProBuilderPreferences.asset
Can't clobber writable file C:\Users\KingToed\Documents\CO5136-TeamRalph\AsylumTR\Assets\ProBuilder Data\ProBuilderPreferences.asset

p1:-1 2 C:\\Users\\KingToed\\Documents\\CO5136-TeamRalph\\AsylumTR\\Assets\\ProBuilder Data\\ProBuilderPreferences.asset.meta
Can't clobber writable file C:\Users\KingToed\Documents\CO5136-TeamRalph\AsylumTR\Assets\ProBuilder Data\ProBuilderPreferences.asset.meta

p1:-1 2 C:\\Users\\KingToed\\Documents\\CO5136-TeamRalph\\AsylumTR\\Assets\\Scenes\\Asylum.unity
p1:-1 2 C:\\Users\\KingToed\\Documents\\CO5136-TeamRalph\\AsylumTR\\Assets\\Scenes\\Asylum.unity.meta
p1:-1 2 C:\\Users\\KingToed\\Documents\\CO5136-TeamRalph\\AsylumTR\\Assets\\Scenes\\MainMenu.unity
p1:-1 3 C:\\Users\\KingToed\\Documents\\CO5136-TeamRalph\\AsylumTR\\Assets\\Scenes\\MainMenu.unity.meta
p1:-1 3 C:\\Users\\KingToed\\Documents\\CO5136-TeamRalph\\AsylumTR\\Assets\\Scripts\\SCR_PauseMenu.cs
p1:-1 3 C:\\Users\\KingToed\\Documents\\CO5136-TeamRalph\\AsylumTR\\Assets\\Scripts\\SCR_PauseMenu.cs.meta
p1:-1 3 C:\\Users\\KingToed\\Documents\\CO5136-TeamRalph\\AsylumTR\\Assets\\Textures\\1 (Albedo).mat
p1:-1 3 C:\\Users\\KingToed\\Documents\\CO5136-TeamRalph\\AsylumTR\\Assets\\Textures\\1 (Albedo).mat.meta
p1:-1 3 C:\\Users\\KingToed\\Documents\\CO5136-TeamRalph\\AsylumTR\\Assets\\Textures\\1 (Albedo).psd
p1:-1 3 C:\\Users\\KingToed\\Documents\\CO5136-TeamRalph\\AsylumTR\\Assets\\Textures\\1 (Albedo).psd.meta
p1:-1 3 C:\\Users\\KingToed\\Documents\\CO5136-TeamRalph\\AsylumTR\\Assets\\Textures\\10 (Albedo).psd
p1:-1 3 C:\\Users\\KingToed\\Documents\\CO5136-TeamRalph\\AsylumTR\\Assets\\Textures\\10 (Albedo).psd.meta
p1:-1 3 C:\\Users\\KingToed\\Documents\\CO5136-TeamRalph\\AsylumTR\\Assets\\Textures\\11 (Albedo).psd
p1:-1 3 C:\\Users\\KingToed\\Documents\\CO5136-TeamRalph\\AsylumTR\\Assets\\Textures\\11 (Albedo).psd.meta
p1:-1 3 C:\\Users\\KingToed\\Documents\\CO5136-TeamRalph\\AsylumTR\\Assets\\Textures\\12 (Albedo).psd
p1:-1 3 C:\\Users\\KingToed\\Documents\\CO5136-TeamRalph\\AsylumTR\\Assets\\Textures\\12 (Albedo).psd.meta
p1:-1 3 C:\\Users\\KingToed\\Documents\\CO5136-TeamRalph\\AsylumTR\\Assets\\Textures\\2 (Albedo).mat
p1:-1 3 C:\\Users\\KingToed\\Documents\\CO5136-TeamRalph\\AsylumTR\\Assets\\Textures\\2 (Albedo).mat.meta
p1:-1 3 C:\\Users\\KingToed\\Documents\\CO5136-TeamRalph\\AsylumTR\\Assets\\Textures\\2 (Albedo).psd
p1:-1 3 C:\\Users\\KingToed\\Documents\\CO5136-TeamRalph\\AsylumTR\\Assets\\Textures\\2 (Albedo).psd.meta
p1:-1 3 C:\\Users\\KingToed\\Documents\\CO5136-TeamRalph\\AsylumTR\\Assets\\Textures\\3 (Albedo).psd
p1:-1 3 C:\\Users\\KingToed\\Documents\\CO5136-TeamRalph\\AsylumTR\\Assets\\Textures\\3 (Albedo).psd.meta
p1:-1 3 C:\\Users\\KingToed\\Documents\\CO5136-TeamRalph\\AsylumTR\\Assets\\Textures\\4 (Albedo).psd
p1:-1 3 C:\\Users\\KingToed\\Documents\\CO5136-TeamRalph\\AsylumTR\\Assets\\Textures\\4 (Albedo).psd.meta
p1:-1 3 C:\\Users\\KingToed\\Documents\\CO5136-TeamRalph\\AsylumTR\\Assets\\Textures\\5 (Albedo).psd
p1:-1 3 C:\\Users\\KingToed\\Documents\\CO5136-TeamRalph\\AsylumTR\\Assets\\Textures\\5 (Albedo).psd.meta
p1:-1 3 C:\\Users\\KingToed\\Documents\\CO5136-TeamRalph\\AsylumTR\\Assets\\Textures\\6 (Albedo).psd
p1:-1 3 C:\\Users\\KingToed\\Documents\\CO5136-TeamRalph\\AsylumTR\\Assets\\Textures\\6 (Albedo).psd.meta
p1:-1 3 C:\\Users\\KingToed\\Documents\\CO5136-TeamRalph\\AsylumTR\\Assets\\Textures\\7 (Albedo).psd
p1:-1 3 C:\\Users\\KingToed\\Documents\\CO5136-TeamRalph\\AsylumTR\\Assets\\Textures\\7 (Albedo).psd.meta
p1:-1 3 C:\\Users\\KingToed\\Documents\\CO5136-TeamRalph\\AsylumTR\\Assets\\Textures\\8 (Albedo).psd
p1:-1 3 C:\\Users\\KingToed\\Documents\\CO5136-TeamRalph\\AsylumTR\\Assets\\Textures\\8 (Albedo).psd.meta
p1:-1 3 C:\\Users\\KingToed\\Documents\\CO5136-TeamRalph\\AsylumTR\\Assets\\Textures\\9 (Albedo).psd
p1:-1 3 C:\\Users\\KingToed\\Documents\\CO5136-TeamRalph\\AsylumTR\\Assets\\Textures\\9 (Albedo).psd.meta
p1:-1 3 C:\\Users\\KingToed\\Documents\\CO5136-TeamRalph\\AsylumTR\\Assets\\Textures\\Bed_Mattress.jpg
p1:-1 3 C:\\Users\\KingToed\\Documents\\CO5136-TeamRalph\\AsylumTR\\Assets\\Textures\\Bed_Mattress.jpg.meta
p1:-1 3 C:\\Users\\KingToed\\Documents\\CO5136-TeamRalph\\AsylumTR\\Assets\\Textures\\Bed_Pillow.jpg
p1:-1 3 C:\\Users\\KingToed\\Documents\\CO5136-TeamRalph\\AsylumTR\\Assets\\Textures\\Bed_Pillow.jpg.meta
p1:-1 3 C:\\Users\\KingToed\\Documents\\CO5136-TeamRalph\\AsylumTR\\Assets\\Textures\\Bed_Steel.jpg
p1:-1 3 C:\\Users\\KingToed\\Documents\\CO5136-TeamRalph\\AsylumTR\\Assets\\Textures\\Bed_Steel.jpg.meta
p1:-1 3 C:\\Users\\KingToed\\Documents\\CO5136-TeamRalph\\AsylumTR\\Assets\\Textures\\C_Lamp_U_Texture.jpg
p1:-1 3 C:\\Users\\KingToed\\Documents\\CO5136-TeamRalph\\AsylumTR\\Assets\\Textures\\C_Lamp_U_Texture.jpg.meta
p1:-1 3 C:\\Users\\KingToed\\Documents\\CO5136-TeamRalph\\AsylumTR\\Assets\\Textures\\Colour_Wheelchair_Wheel_Blue.jpg
p1:-1 3 C:\\Users\\KingToed\\Documents\\CO5136-TeamRalph\\AsylumTR\\Assets\\Textures\\Colour_Wheelchair_Wheel_Blue.jpg.meta
p1:-1 3 C:\\Users\\KingToed\\Documents\\CO5136-TeamRalph\\AsylumTR\\Assets\\Textures\\Colour_Wheelchair_Wheel_Green.jpg
p1:-1 3 C:\\Users\\KingToed\\Documents\\CO5136-TeamRalph\\AsylumTR\\Assets\\Textures\\Colour_Wheelchair_Wheel_Green.jpg.meta
p1:-1 3 C:\\Users\\KingToed\\Documents\\CO5136-TeamRalph\\AsylumTR\\Assets\\Textures\\Colour_Wheelchair_Wheel_Red.jpg
p1:-1 3 C:\\Users\\KingToed\\Documents\\CO5136-TeamRalph\\AsylumTR\\Assets\\Textures\\Colour_Wheelchair_Wheel_Red.jpg.meta
p1:-1 3 C:\\Users\\KingToed\\Documents\\CO5136-TeamRalph\\AsylumTR\\Assets\\Textures\\Couch_Texture.jpg
p1:-1 3 C:\\Users\\KingToed\\Documents\\CO5136-TeamRalph\\AsylumTR\\Assets\\Textures\\Couch_Texture.jpg.meta
p1:-1 3 C:\\Users\\KingToed\\Documents\\CO5136-TeamRalph\\AsylumTR\\Assets\\Textures\\Hospital_Bed_Texture.jpg
p1:-1 3 C:\\Users\\KingToed\\Documents\\CO5136-TeamRalph\\AsylumTR\\Assets\\Textures\\Hospital_Bed_Texture.jpg.meta
p1:-1 3 C:\\Users\\KingToed\\Documents\\CO5136-TeamRalph\\AsylumTR\\Assets\\Textures\\Kitchencounter_Texture.jpg
p1:-1 3 C:\\Users\\KingToed\\Documents\\CO5136-TeamRalph\\AsylumTR\\Assets\\Textures\\Kitchencounter_Texture.jpg.meta
p1:-1 3 C:\\Users\\KingToed\\Documents\\CO5136-TeamRalph\\AsylumTR\\Assets\\Textures\\Kiwi_Texture.jpg
p1:-1 3 C:\\Users\\KingToed\\Documents\\CO5136-TeamRalph\\AsylumTR\\Assets\\Textures\\Kiwi_Texture.jpg.meta
p1:-1 3 C:\\Users\\KingToed\\Documents\\CO5136-TeamRalph\\AsylumTR\\Assets\\Textures\\Materialsv1\\Orange.mat
p1:-1 3 C:\\Users\\KingToed\\Documents\\CO5136-TeamRalph\\AsylumTR\\Assets\\Textures\\Materialsv1\\Orange.mat.meta
p1:-1 3 C:\\Users\\KingToed\\Documents\\CO5136-TeamRalph\\AsylumTR\\Assets\\Textures\\Safe_Container_Texture.jpg
p1:-1 3 C:\\Users\\KingToed\\Documents\\CO5136-TeamRalph\\AsylumTR\\Assets\\Textures\\Safe_Container_Texture.jpg.meta
p1:-1 3 C:\\Users\\KingToed\\Documents\\CO5136-TeamRalph\\AsylumTR\\Assets\\Textures\\Safe_Door_Texture.jpg
p1:-1 4 C:\\Users\\KingToed\\Documents\\CO5136-TeamRalph\\AsylumTR\\Assets\\Textures\\Safe_Door_Texture.jpg.meta
p1:-1 4 C:\\Users\\KingToed\\Documents\\CO5136-TeamRalph\\AsylumTR\\Assets\\Textures\\SpawnBoardBox001 [AlbedoM].psd
p1:-1 8 C:\\Users\\KingToed\\Documents\\CO5136-TeamRalph\\AsylumTR\\Assets\\Textures\\SpawnBoardBox001 [AlbedoM].psd.meta
p1:-1 8 C:\\Users\\KingToed\\Documents\\CO5136-TeamRalph\\AsylumTR\\Assets\\Textures\\Table_Canteen_Wooden.jpg
p1:-1 8 C:\\Users\\KingToed\\Documents\\CO5136-TeamRalph\\AsylumTR\\Assets\\Textures\\Table_Canteen_Wooden.jpg.meta
p1:-1 8 C:\\Users\\KingToed\\Documents\\CO5136-TeamRalph\\AsylumTR\\Assets\\Textures\\TexturesCom_PlasterWhite.jpg
p1:-1 8 C:\\Users\\KingToed\\Documents\\CO5136-TeamRalph\\AsylumTR\\Assets\\Textures\\TexturesCom_PlasterWhite.jpg.meta
p1:-1 8 C:\\Users\\KingToed\\Documents\\CO5136-TeamRalph\\AsylumTR\\Assets\\Textures\\Wall_1x1_Stucco1_1x1_1K_height.tif
p1:-1 9 C:\\Users\\KingToed\\Documents\\CO5136-TeamRalph\\AsylumTR\\Assets\\Textures\\Wall_1x1_Stucco1_1x1_1K_height.tif.meta
p1:-1 10 C:\\Users\\KingToed\\Documents\\CO5136-TeamRalph\\AsylumTR\\Assets\\Textures\\Wheelchair_Back_UV.jpg
p1:-1 10 C:\\Users\\KingToed\\Documents\\CO5136-TeamRalph\\AsylumTR\\Assets\\Textures\\Wheelchair_Back_UV.jpg.meta
p1:-1 10 C:\\Users\\KingToed\\Documents\\CO5136-TeamRalph\\AsylumTR\\Assets\\Textures\\Wheelchair_Seat_UV.jpg
p1:-1 10 C:\\Users\\KingToed\\Documents\\CO5136-TeamRalph\\AsylumTR\\Assets\\Textures\\Wheelchair_Seat_UV.jpg.meta
p1:-1 10 C:\\Users\\KingToed\\Documents\\CO5136-TeamRalph\\AsylumTR\\Assets\\Textures\\Wheelchair_Wheel_Texture.jpg
p1:-1 10 C:\\Users\\KingToed\\Documents\\CO5136-TeamRalph\\AsylumTR\\Assets\\Textures\\Wheelchair_Wheel_Texture.jpg.meta
p1:-1 11 C:\\Users\\KingToed\\Documents\\CO5136-TeamRalph\\AsylumTR\\Assets\\Textures\\Wooden_Door_UV.jpg
p1:-1 11 C:\\Users\\KingToed\\Documents\\CO5136-TeamRalph\\AsylumTR\\Assets\\Textures\\Wooden_Door_UV.jpg.meta
p1:-1 11 C:\\Users\\KingToed\\Documents\\CO5136-TeamRalph\\AsylumTR\\ProjectSettings\\ProjectSettings.asset
e1:Can't clobber writable file C:\\Users\\KingToed\\Documents\\CO5136-TeamRalph\\AsylumTR\\Assets\\ProBuilder Data\\ProBuilderPreferences.asset\n
e1:Can't clobber writable file C:\\Users\\KingToed\\Documents\\CO5136-TeamRalph\\AsylumTR\\Assets\\ProBuilder Data\\ProBuilderPreferences.asset.meta\n
p1:-1 0 Change 7304 created with 2 open file(s).
p1:-1 0 Submitting change 7304.
p1:-1 0 Locking 2 files ...
p1:-1 0 edit //CO5136-TeamRalph/AsylumTR/Assets/Scenes/Asylum.unity#100
p1:-1 1 edit //CO5136-TeamRalph/AsylumTR/Assets/Scenes/Asylum.unity.meta#99
p1:-1 2 Change 7304 submitted.
p1:-1 1 Change 7305 created with 2 open file(s).
p1:-1 1 Submitting change 7305.
p1:-1 1 Locking 2 files ...
p1:-1 1 edit //CO5136-TeamRalph/AsylumTR/Assets/Scenes/Asylum.unity#101
p1:-1 1 edit //CO5136-TeamRalph/AsylumTR/Assets/Scenes/Asylum.unity.meta#100
p1:-1 2 Change 7305 submitted.
p1:-1 0 C:\\Users\\KingToed\\Documents\\CO5136-TeamRalph\\AsylumTR\\Assets\\Scripts\\SCR_PuzzleComplete.cs
p1:-1 0 C:\\Users\\KingToed\\Documents\\CO5136-TeamRalph\\AsylumTR\\Assets\\Scripts\\SCR_PuzzleComplete.cs.meta
p1:-1 0 C:\\Users\\KingToed\\Documents\\CO5136-TeamRalph\\AsylumTR\\Assets\\Scripts\\SCR_SafePuzzle.cs
p1:-1 0 C:\\Users\\KingToed\\Documents\\CO5136-TeamRalph\\AsylumTR\\Assets\\Scripts\\SCR_SafePuzzle.cs.meta
p1:-1 0 C:\\Users\\KingToed\\Documents\\CO5136-TeamRalph\\AsylumTR\\Assets\\Scripts\\SCR_PauseMenu.cs
p1:-1 0 C:\\Users\\KingToed\\Documents\\CO5136-TeamRalph\\AsylumTR\\Assets\\Scripts\\SCR_PauseMenu.cs.meta
p1:-1 0 C:\\Users\\KingToed\\Documents\\CO5136-TeamRalph\\AsylumTR\\Assets\\Main Menu Stuff\\Scripts\\SCR_CreditsScene.cs
p1:-1 0 C:\\Users\\KingToed\\Documents\\CO5136-TeamRalph\\AsylumTR\\Assets\\Main Menu Stuff\\Scripts\\SCR_CreditsScene.cs.meta
p1:-1 0 C:\\Users\\KingToed\\Documents\\CO5136-TeamRalph\\AsylumTR\\Assets\\Main Menu Stuff\\Scripts\\SCR_PauseMenu.cs
p1:-1 0 C:\\Users\\KingToed\\Documents\\CO5136-TeamRalph\\AsylumTR\\Assets\\Main Menu Stuff\\Scripts\\SCR_PauseMenu.cs.meta
p1:-1 0 C:\\Users\\KingToed\\Documents\\CO5136-TeamRalph\\AsylumTR\\Assets\\Scenes\\Credits.unity
p1:-1 0 C:\\Users\\KingToed\\Documents\\CO5136-TeamRalph\\AsylumTR\\Assets\\Scenes\\Credits.unity.meta
p1:-1 0 C:\\Users\\KingToed\\Documents\\CO5136-TeamRalph\\AsylumTR\\ProjectSettings\\EditorBuildSettings.asset
p1:-1 0 opened and not being changed
p1:-1 0 opened and not being changed
p1:-1 0 C:\\Users\\KingToed\\Documents\\CO5136-TeamRalph\\AsylumTR\\Assets\\Scenes\\Credits.unity
p1:-1 0 C:\\Users\\KingToed\\Documents\\CO5136-TeamRalph\\AsylumTR\\Assets\\Scenes\\Credits.unity.meta
p1:-1 0 C:\\Users\\KingToed\\Documents\\CO5136-TeamRalph\\AsylumTR\\Assets\\Scripts\\SCR_EndGame.cs
p1:-1 0 C:\\Users\\KingToed\\Documents\\CO5136-TeamRalph\\AsylumTR\\Assets\\Scripts\\SCR_EndGame.cs.meta
p1:-1 0 Change 7342 created with 2 open file(s).
p1:-1 0 Submitting change 7342.
p1:-1 0 Locking 2 files ...
p1:-1 0 edit //CO5136-TeamRalph/AsylumTR/Assets/Prefabs/Torch - Model 1.prefab#8
p1:-1 0 edit //CO5136-TeamRalph/AsylumTR/Assets/Prefabs/Torch - Model 1.prefab.meta#8
p1:-1 0 Change 7342 submitted.
p1:-1 1 Change 7343 created with 2 open file(s).
p1:-1 1 Submitting change 7343.
p1:-1 1 Locking 2 files ...
p1:-1 1 edit //CO5136-TeamRalph/AsylumTR/Assets/Scripts/SCR_EndGame.cs#4
p1:-1 1 edit //CO5136-TeamRalph/AsylumTR/Assets/Scripts/SCR_EndGame.cs.meta#4
p1:-1 1 Change 7343 submitted.
p1:-1 1 Change 7344 created with 2 open file(s).
p1:-1 1 Submitting change 7344.
p1:-1 1 Locking 2 files ...
p1:-1 1 edit //CO5136-TeamRalph/AsylumTR/Assets/Scripts/SCR_PuzzleComplete.cs#11
p1:-1 1 edit //CO5136-TeamRalph/AsylumTR/Assets/Scripts/SCR_PuzzleComplete.cs.meta#11
p1:-1 1 Change 7344 submitted.
p1:-1 0 Change 7345 created with 2 open file(s).
p1:-1 0 Submitting change 7345.
p1:-1 0 Locking 2 files ...
p1:-1 0 edit //CO5136-TeamRalph/AsylumTR/Assets/Scenes/Asylum.unity#109
p1:-1 1 edit //CO5136-TeamRalph/AsylumTR/Assets/Scenes/Asylum.unity.meta#108
p1:-1 2 Change 7345 submitted.
p1:-1 0 Change 7346 created with 3 open file(s).
p1:-1 0 Submitting change 7346.
p1:-1 0 Locking 3 files ...
p1:-1 0 edit //CO5136-TeamRalph/AsylumTR/Assets/Scenes/Asylum.unity#110
p1:-1 1 edit //CO5136-TeamRalph/AsylumTR/Assets/Scenes/Asylum.unity.meta#109
p1:-1 1 edit //CO5136-TeamRalph/AsylumTR/ProjectSettings/ProjectSettings.asset#7
p1:-1 1 Change 7346 submitted.
p1:-1 0 C:\\Users\\KingToed\\Documents\\CO5136-TeamRalph\\AsylumTR\\Assets\\Alice models\\Materials\\Beech.mat
p1:-1 0 C:\\Users\\KingToed\\Documents\\CO5136-TeamRalph\\AsylumTR\\Assets\\Alice models\\Materials\\Beech.mat.meta
p1:-1 0 C:\\Users\\KingToed\\Documents\\CO5136-TeamRalph\\AsylumTR\\Assets\\Alice models\\Materials\\black plastic.mat
p1:-1 0 C:\\Users\\KingToed\\Documents\\CO5136-TeamRalph\\AsylumTR\\Assets\\Alice models\\Materials\\black plastic.mat.meta
p1:-1 0 C:\\Users\\KingToed\\Documents\\CO5136-TeamRalph\\AsylumTR\\Assets\\Alice models\\Materials\\red.mat
p1:-1 0 C:\\Users\\KingToed\\Documents\\CO5136-TeamRalph\\AsylumTR\\Assets\\Alice models\\Materials\\red.mat.meta
p1:-1 1 C:\\Users\\KingToed\\Documents\\CO5136-TeamRalph\\AsylumTR\\Assets\\Alice models\\Textures\\orange.JPG
p1:-1 1 C:\\Users\\KingToed\\Documents\\CO5136-TeamRalph\\AsylumTR\\Assets\\Alice models\\Textures\\orange.JPG.meta
p1:-1 1 C:\\Users\\KingToed\\Documents\\CO5136-TeamRalph\\AsylumTR\\Assets\\Materials\\Box001 [AlbedoM].mat
p1:-1 1 C:\\Users\\KingToed\\Documents\\CO5136-TeamRalph\\AsylumTR\\Assets\\Materials\\Box001 [AlbedoM].mat.meta
p1:-1 3 C:\\Users\\KingToed\\Documents\\CO5136-TeamRalph\\AsylumTR\\Assets\\ProBuilder Data\\ProBuilderPreferences.asset
Can't clobber writable file C:\Users\KingToed\Documents\CO5136-TeamRalph\AsylumTR\Assets\ProBuilder Data\ProBuilderPreferences.asset

p1:-1 3 C:\\Users\\KingToed\\Documents\\CO5136-TeamRalph\\AsylumTR\\Assets\\ProBuilder Data\\ProBuilderPreferences.asset.meta
Can't clobber writable file C:\Users\KingToed\Documents\CO5136-TeamRalph\AsylumTR\Assets\ProBuilder Data\ProBuilderPreferences.asset.meta

p1:-1 3 C:\\Users\\KingToed\\Documents\\CO5136-TeamRalph\\AsylumTR\\Assets\\Scenes\\Asylum.unity
p1:-1 5 C:\\Users\\KingToed\\Documents\\CO5136-TeamRalph\\AsylumTR\\Assets\\Scenes\\Asylum.unity.meta
p1:-1 5 C:\\Users\\KingToed\\Documents\\CO5136-TeamRalph\\AsylumTR\\Assets\\Textures\\Box001 [AlbedoM].psd
p1:-1 10 C:\\Users\\KingToed\\Documents\\CO5136-TeamRalph\\AsylumTR\\Assets\\Textures\\Box001 [AlbedoM].psd.meta
e1:Can't clobber writable file C:\\Users\\KingToed\\Documents\\CO5136-TeamRalph\\AsylumTR\\Assets\\ProBuilder Data\\ProBuilderPreferences.asset\n
e1:Can't clobber writable file C:\\Users\\KingToed\\Documents\\CO5136-TeamRalph\\AsylumTR\\Assets\\ProBuilder Data\\ProBuilderPreferences.asset.meta\n
p1:-1 0 C:\\Users\\KingToed\\Documents\\CO5136-TeamRalph\\AsylumTR\\Assets\\ProBuilder Data\\ProBuilderPreferences.asset
Can't clobber writable file C:\Users\KingToed\Documents\CO5136-TeamRalph\AsylumTR\Assets\ProBuilder Data\ProBuilderPreferences.asset

p1:-1 0 C:\\Users\\KingToed\\Documents\\CO5136-TeamRalph\\AsylumTR\\Assets\\ProBuilder Data\\ProBuilderPreferences.asset.meta
Can't clobber writable file C:\Users\KingToed\Documents\CO5136-TeamRalph\AsylumTR\Assets\ProBuilder Data\ProBuilderPreferences.asset.meta

e1:Can't clobber writable file C:\\Users\\KingToed\\Documents\\CO5136-TeamRalph\\AsylumTR\\Assets\\ProBuilder Data\\ProBuilderPreferences.asset\n
e1:Can't clobber writable file C:\\Users\\KingToed\\Documents\\CO5136-TeamRalph\\AsylumTR\\Assets\\ProBuilder Data\\ProBuilderPreferences.asset.meta\n
p1:-1 0 C:\\Users\\KingToed\\Documents\\CO5136-TeamRalph\\AsylumTR\\Assets\\ProBuilder Data\\ProBuilderPreferences.asset
Can't clobber writable file C:\Users\KingToed\Documents\CO5136-TeamRalph\AsylumTR\Assets\ProBuilder Data\ProBuilderPreferences.asset

p1:-1 0 C:\\Users\\KingToed\\Documents\\CO5136-TeamRalph\\AsylumTR\\Assets\\ProBuilder Data\\ProBuilderPreferences.asset.meta
Can't clobber writable file C:\Users\KingToed\Documents\CO5136-TeamRalph\AsylumTR\Assets\ProBuilder Data\ProBuilderPreferences.asset.meta

e1:Can't clobber writable file C:\\Users\\KingToed\\Documents\\CO5136-TeamRalph\\AsylumTR\\Assets\\ProBuilder Data\\ProBuilderPreferences.asset\n
e1:Can't clobber writable file C:\\Users\\KingToed\\Documents\\CO5136-TeamRalph\\AsylumTR\\Assets\\ProBuilder Data\\ProBuilderPreferences.asset.meta\n
p1:-1 0 C:\\Users\\KingToed\\Documents\\CO5136-TeamRalph\\AsylumTR\\Assets\\ProBuilder Data\\ProBuilderPreferences.asset
Can't clobber writable file C:\Users\KingToed\Documents\CO5136-TeamRalph\AsylumTR\Assets\ProBuilder Data\ProBuilderPreferences.asset

p1:-1 0 C:\\Users\\KingToed\\Documents\\CO5136-TeamRalph\\AsylumTR\\Assets\\ProBuilder Data\\ProBuilderPreferences.asset.meta
Can't clobber writable file C:\Users\KingToed\Documents\CO5136-TeamRalph\AsylumTR\Assets\ProBuilder Data\ProBuilderPreferences.asset.meta

e1:Can't clobber writable file C:\\Users\\KingToed\\Documents\\CO5136-TeamRalph\\AsylumTR\\Assets\\ProBuilder Data\\ProBuilderPreferences.asset\n
e1:Can't clobber writable file C:\\Users\\KingToed\\Documents\\CO5136-TeamRalph\\AsylumTR\\Assets\\ProBuilder Data\\ProBuilderPreferences.asset.meta\n
p1:-1 0 C:\\Users\\KingToed\\Documents\\CO5136-TeamRalph\\AsylumTR\\Assets\\ProBuilder Data\\ProBuilderPreferences.asset
Can't clobber writable file C:\Users\KingToed\Documents\CO5136-TeamRalph\AsylumTR\Assets\ProBuilder Data\ProBuilderPreferences.asset

p1:-1 0 C:\\Users\\KingToed\\Documents\\CO5136-TeamRalph\\AsylumTR\\Assets\\ProBuilder Data\\ProBuilderPreferences.asset.meta
Can't clobber writable file C:\Users\KingToed\Documents\CO5136-TeamRalph\AsylumTR\Assets\ProBuilder Data\ProBuilderPreferences.asset.meta

e1:Can't clobber writable file C:\\Users\\KingToed\\Documents\\CO5136-TeamRalph\\AsylumTR\\Assets\\ProBuilder Data\\ProBuilderPreferences.asset\n
e1:Can't clobber writable file C:\\Users\\KingToed\\Documents\\CO5136-TeamRalph\\AsylumTR\\Assets\\ProBuilder Data\\ProBuilderPreferences.asset.meta\n
p1:-1 0 Change 7463 created with 2 open file(s).
p1:-1 0 Submitting change 7463.
p1:-1 0 Locking 2 files ...
p1:-1 0 edit //CO5136-TeamRalph/AsylumTR/Assets/Scenes/Asylum.unity#113
p1:-1 2 edit //CO5136-TeamRalph/AsylumTR/Assets/Scenes/Asylum.unity.meta#112
p1:-1 2 Change 7463 submitted.
p1:-1 0 Change 7464 created with 2 open file(s).
p1:-1 0 Submitting change 7464.
p1:-1 0 Locking 2 files ...
p1:-1 0 add //CO5136-TeamRalph/AsylumTR/Assets/Materials/RespawnFadeOut.mat#1
p1:-1 0 add //CO5136-TeamRalph/AsylumTR/Assets/Materials/RespawnFadeOut.mat.meta#1
p1:-1 0 Change 7464 submitted.
p1:-1 1 Change 7465 created with 2 open file(s).
p1:-1 1 Submitting change 7465.
p1:-1 1 Locking 2 files ...
p1:-1 1 edit //CO5136-TeamRalph/AsylumTR/Assets/Scripts/SCR_Respawn.cs#13
p1:-1 1 edit //CO5136-TeamRalph/AsylumTR/Assets/Scripts/SCR_Respawn.cs.meta#13
p1:-1 1 Change 7465 submitted.
p1:-1 0 Change 7466 created with 2 open file(s).
p1:-1 0 Submitting change 7466.
p1:-1 0 Locking 2 files ...
p1:-1 0 edit //CO5136-TeamRalph/AsylumTR/Assets/Scripts/SCR_puzzle2Manager.cs#7
p1:-1 0 edit //CO5136-TeamRalph/AsylumTR/Assets/Scripts/SCR_puzzle2Manager.cs.meta#7
p1:-1 0 Change 7466 submitted.
p1:-1 1 Change 7467 created with 2 open file(s).
p1:-1 1 Submitting change 7467.
p1:-1 1 Locking 2 files ...
p1:-1 1 edit //CO5136-TeamRalph/AsylumTR/Assets/Scenes/Asylum.unity#114
p1:-1 2 edit //CO5136-TeamRalph/AsylumTR/Assets/Scenes/Asylum.unity.meta#113
p1:-1 2 Change 7467 submitted.
p1:-1 1 Change 7468 created with 2 open file(s).
p1:-1 1 Submitting change 7468.
p1:-1 1 Locking 2 files ...
p1:-1 1 edit //CO5136-TeamRalph/AsylumTR/Assets/Scenes/Asylum.unity#115
p1:-1 2 edit //CO5136-TeamRalph/AsylumTR/Assets/Scenes/Asylum.unity.meta#114
p1:-1 3 Change 7468 submitted.
p1:-1 1 Change 7501 created with 14 open file(s).
p1:-1 1 Submitting change 7501.
p1:-1 1 Locking 14 files ...
p1:-1 1 add //CO5136-TeamRalph/AsylumTR/Assets/Materials/1 UI.mat#1
p1:-1 1 add //CO5136-TeamRalph/AsylumTR/Assets/Materials/1 UI.mat.meta#1
p1:-1 1 add //CO5136-TeamRalph/AsylumTR/Assets/Materials/2 UI.mat#1
p1:-1 1 add //CO5136-TeamRalph/AsylumTR/Assets/Materials/2 UI.mat.meta#1
p1:-1 1 add //CO5136-TeamRalph/AsylumTR/Assets/Materials/3 UI.mat#1
p1:-1 1 add //CO5136-TeamRalph/AsylumTR/Assets/Materials/3 UI.mat.meta#1
p1:-1 1 add //CO5136-TeamRalph/AsylumTR/Assets/Materials/4 UI.mat#1
p1:-1 1 add //CO5136-TeamRalph/AsylumTR/Assets/Materials/4 UI.mat.meta#1
p1:-1 1 add //CO5136-TeamRalph/AsylumTR/Assets/Materials/5 UI.mat#1
p1:-1 1 add //CO5136-TeamRalph/AsylumTR/Assets/Materials/5 UI.mat.meta#1
p1:-1 1 add //CO5136-TeamRalph/AsylumTR/Assets/Materials/6 UI.mat#1
p1:-1 1 add //CO5136-TeamRalph/AsylumTR/Assets/Materials/6 UI.mat.meta#1
p1:-1 1 add //CO5136-TeamRalph/AsylumTR/Assets/Materials/7 UI.mat#1
p1:-1 1 add //CO5136-TeamRalph/AsylumTR/Assets/Materials/7 UI.mat.meta#1
p1:-1 1 Change 7501 submitted.
p1:-1 0 Change 7502 created with 2 open file(s).
p1:-1 0 Submitting change 7502.
p1:-1 0 Locking 2 files ...
p1:-1 0 edit //CO5136-TeamRalph/AsylumTR/Assets/Scenes/Asylum.unity#116
p1:-1 1 edit //CO5136-TeamRalph/AsylumTR/Assets/Scenes/Asylum.unity.meta#115
p1:-1 2 Change 7502 submitted.
p1:-1 2 C:\\Users\\KingToed\\Documents\\CO5136-TeamRalph\\AsylumTR\\Assets\\Scenes\\HealthyAslyum.unity
p1:-1 2 C:\\Users\\KingToed\\Documents\\CO5136-TeamRalph\\AsylumTR\\Assets\\Scenes\\HealthyAslyum.unity.meta
p1:-1 2 C:\\Users\\KingToed\\Documents\\CO5136-TeamRalph\\AsylumTR\\Assets\\Scenes\\AsylumRepaired.unity
p1:-1 2 C:\\Users\\KingToed\\Documents\\CO5136-TeamRalph\\AsylumTR\\Assets\\Scenes\\AsylumRepaired.unity.meta
p1:-1 2 C:\\Users\\KingToed\\Documents\\CO5136-TeamRalph\\AsylumTR\\Assets\\Scripts\\SCR_EndGame.cs
p1:-1 2 C:\\Users\\KingToed\\Documents\\CO5136-TeamRalph\\AsylumTR\\Assets\\Scripts\\SCR_EndGame.cs.meta
p1:-1 2 C:\\Users\\KingToed\\Documents\\CO5136-TeamRalph\\AsylumTR\\ProjectSettings\\EditorBuildSettings.asset
p1:-1 1 Change 7514 created with 2 open file(s).
p1:-1 1 Submitting change 7514.
p1:-1 1 Locking 2 files ...
p1:-1 1 edit //CO5136-TeamRalph/AsylumTR/Assets/Scenes/Asylum.unity#117
p1:-1 1 edit //CO5136-TeamRalph/AsylumTR/Assets/Scenes/Asylum.unity.meta#116
p1:-1 2 Change 7514 submitted.
p1:-1 0 C:\\Users\\KingToed\\Documents\\CO5136-TeamRalph\\AsylumTR\\Assets\\Main Menu Stuff\\Scripts\\SCR_BypassLoadCredits.cs
p1:-1 0 C:\\Users\\KingToed\\Documents\\CO5136-TeamRalph\\AsylumTR\\Assets\\Main Menu Stuff\\Scripts\\SCR_BypassLoadCredits.cs.meta
p1:-1 0 C:\\Users\\KingToed\\Documents\\CO5136-TeamRalph\\AsylumTR\\Assets\\Main Menu Stuff\\Scripts\\SCR_LoadCredits.cs
p1:-1 0 C:\\Users\\KingToed\\Documents\\CO5136-TeamRalph\\AsylumTR\\Assets\\Main Menu Stuff\\Scripts\\SCR_LoadCredits.cs.meta
p1:-1 0 C:\\Users\\KingToed\\Documents\\CO5136-TeamRalph\\AsylumTR\\Assets\\Main Menu Stuff\\Scripts\\SCR_MainLoadScene.cs
p1:-1 0 C:\\Users\\KingToed\\Documents\\CO5136-TeamRalph\\AsylumTR\\Assets\\Main Menu Stuff\\Scripts\\SCR_MainLoadScene.cs.meta
p1:-1 0 C:\\Users\\KingToed\\Documents\\CO5136-TeamRalph\\AsylumTR\\Assets\\Main Menu Stuff\\Scripts\\SCR_MenuQuit.cs
p1:-1 0 C:\\Users\\KingToed\\Documents\\CO5136-TeamRalph\\AsylumTR\\Assets\\Main Menu Stuff\\Scripts\\SCR_MenuQuit.cs.meta
p1:-1 0 C:\\Users\\KingToed\\Documents\\CO5136-TeamRalph\\AsylumTR\\Assets\\Prefabs\\Padlock.FBX
p1:-1 0 C:\\Users\\KingToed\\Documents\\CO5136-TeamRalph\\AsylumTR\\Assets\\Prefabs\\Padlock.FBX.meta
p1:-1 0 C:\\Users\\KingToed\\Documents\\CO5136-TeamRalph\\AsylumTR\\Assets\\Scenes\\Asylum.unity
p1:-1 2 C:\\Users\\KingToed\\Documents\\CO5136-TeamRalph\\AsylumTR\\Assets\\Scenes\\Asylum.unity.meta
p1:-1 2 C:\\Users\\KingToed\\Documents\\CO5136-TeamRalph\\AsylumTR\\Assets\\Scenes\\AsylumRepaired.unity
p1:-1 3 C:\\Users\\KingToed\\Documents\\CO5136-TeamRalph\\AsylumTR\\Assets\\Scenes\\AsylumRepaired.unity.meta
p1:-1 3 C:\\Users\\KingToed\\Documents\\CO5136-TeamRalph\\AsylumTR\\Assets\\Scenes\\Credits.unity
p1:-1 3 C:\\Users\\KingToed\\Documents\\CO5136-TeamRalph\\AsylumTR\\Assets\\Scenes\\Credits.unity.meta
p1:-1 4 C:\\Users\\KingToed\\Documents\\CO5136-TeamRalph\\AsylumTR\\Assets\\Scenes\\MainMenu.unity
p1:-1 4 C:\\Users\\KingToed\\Documents\\CO5136-TeamRalph\\AsylumTR\\Assets\\Scenes\\MainMenu.unity.meta
p1:-1 4 C:\\Users\\KingToed\\Documents\\CO5136-TeamRalph\\AsylumTR\\Assets\\Scripts\\SCR_EndGame.cs
p1:-1 4 C:\\Users\\KingToed\\Documents\\CO5136-TeamRalph\\AsylumTR\\Assets\\Scripts\\SCR_EndGame.cs.meta
p1:-1 4 C:\\Users\\KingToed\\Documents\\CO5136-TeamRalph\\AsylumTR\\Assets\\Textures\\Padlock_UV.jpg
p1:-1 4 C:\\Users\\KingToed\\Documents\\CO5136-TeamRalph\\AsylumTR\\Assets\\Textures\\Padlock_UV.jpg.meta
p1:-1 4 C:\\Users\\KingToed\\Documents\\CO5136-TeamRalph\\AsylumTR\\ProjectSettings\\ProjectSettings.asset
p1:-1 4 C:\\Users\\KingToed\\Documents\\CO5136-TeamRalph\\AsylumTR\\ProjectSettings\\QualitySettings.asset
e32:TCP send failed.\nwrite: socket: WSAECONNRESET\n
p1:-1 0 Change 7696 created with 2 open file(s).
p1:-1 0 Submitting change 7696.
p1:-1 0 Locking 2 files ...
p1:-1 0 edit //CO5136-TeamRalph/AsylumTR/Assets/Scripts/SCR_TorchReveal.cs#13
p1:-1 0 edit //CO5136-TeamRalph/AsylumTR/Assets/Scripts/SCR_TorchReveal.cs.meta#13
p1:-1 0 Change 7696 submitted.
p1:-1 0 Change 7697 created with 2 open file(s).
p1:-1 0 Submitting change 7697.
p1:-1 0 Locking 2 files ...
p1:-1 0 edit //CO5136-TeamRalph/AsylumTR/Assets/Scenes/Asylum.unity#121
p1:-1 1 edit //CO5136-TeamRalph/AsylumTR/Assets/Scenes/Asylum.unity.meta#120
p1:-1 2 Change 7697 submitted.
p1:-1 0 Change 7698 created with 2 open file(s).
p1:-1 0 Submitting change 7698.
p1:-1 0 Locking 2 files ...
p1:-1 0 edit //CO5136-TeamRalph/AsylumTR/Assets/Scenes/Asylum.unity#122
p1:-1 1 edit //CO5136-TeamRalph/AsylumTR/Assets/Scenes/Asylum.unity.meta#121
p1:-1 2 Change 7698 submitted.
p1:-1 1 C:\\Users\\KingToed\\Documents\\CO5136-TeamRalph\\AsylumTR\\Assets\\Credit Scene.meta
p1:-1 1 C:\\Users\\KingToed\\Documents\\CO5136-TeamRalph\\AsylumTR\\Assets\\Credit Scene\\Music.meta
p1:-1 1 C:\\Users\\KingToed\\Documents\\CO5136-TeamRalph\\AsylumTR\\Assets\\Credit Scene\\Music\\Purple Planet Music - Hope - Waiting Game (1_28) 152bpm (L).mp3
p1:-1 2 C:\\Users\\KingToed\\Documents\\CO5136-TeamRalph\\AsylumTR\\Assets\\Credit Scene\\Music\\Purple Planet Music - Hope - Waiting Game (1_28) 152bpm (L).mp3.meta
p1:-1 2 C:\\Users\\KingToed\\Documents\\CO5136-TeamRalph\\AsylumTR\\Assets\\Main Menu Stuff\\AudioMixer\\MainMixerMainMenu.mixer
p1:-1 3 C:\\Users\\KingToed\\Documents\\CO5136-TeamRalph\\AsylumTR\\Assets\\Main Menu Stuff\\AudioMixer\\MainMixerMainMenu.mixer.meta
p1:-1 3 C:\\Users\\KingToed\\Documents\\CO5136-TeamRalph\\AsylumTR\\Assets\\Scenes\\Asylum.unity
p1:-1 4 C:\\Users\\KingToed\\Documents\\CO5136-TeamRalph\\AsylumTR\\Assets\\Scenes\\Asylum.unity.meta
p1:-1 4 C:\\Users\\KingToed\\Documents\\CO5136-TeamRalph\\AsylumTR\\Assets\\Scenes\\Credits.unity
p1:-1 4 C:\\Users\\KingToed\\Documents\\CO5136-TeamRalph\\AsylumTR\\Assets\\Scenes\\Credits.unity.meta
p1:-1 0 C:\\Users\\KingToed\\Documents\\CO5136-TeamRalph\\AsylumTR\\Assets\\Main Menu Stuff.meta
p1:-1 0 C:\\Users\\KingToed\\Documents\\CO5136-TeamRalph\\AsylumTR\\Assets\\Main Menu Stuff\\Animations.meta
p1:-1 0 C:\\Users\\KingToed\\Documents\\CO5136-TeamRalph\\AsylumTR\\Assets\\Main Menu Stuff\\Animations\\Camera Moving.anim
p1:-1 0 C:\\Users\\KingToed\\Documents\\CO5136-TeamRalph\\AsylumTR\\Assets\\Main Menu Stuff\\Animations\\Camera Moving.anim.meta
p1:-1 0 C:\\Users\\KingToed\\Documents\\CO5136-TeamRalph\\AsylumTR\\Assets\\Main Menu Stuff\\Animations\\Gate Attached (1).controller
p1:-1 0 C:\\Users\\KingToed\\Documents\\CO5136-TeamRalph\\AsylumTR\\Assets\\Main Menu Stuff\\Animations\\Gate Attached (1).controller.meta
p1:-1 0 C:\\Users\\KingToed\\Documents\\CO5136-TeamRalph\\AsylumTR\\Assets\\Main Menu Stuff\\Animations\\Gate Attached.controller
p1:-1 0 C:\\Users\\KingToed\\Documents\\CO5136-TeamRalph\\AsylumTR\\Assets\\Main Menu Stuff\\Animations\\Gate Attached.controller.meta
p1:-1 0 C:\\Users\\KingToed\\Documents\\CO5136-TeamRalph\\AsylumTR\\Assets\\Main Menu Stuff\\Animations\\GateOpening.anim
p1:-1 0 C:\\Users\\KingToed\\Documents\\CO5136-TeamRalph\\AsylumTR\\Assets\\Main Menu Stuff\\Animations\\GateOpening.anim.meta
p1:-1 0 C:\\Users\\KingToed\\Documents\\CO5136-TeamRalph\\AsylumTR\\Assets\\Main Menu Stuff\\Animations\\GateOpening2.anim
p1:-1 0 C:\\Users\\KingToed\\Documents\\CO5136-TeamRalph\\AsylumTR\\Assets\\Main Menu Stuff\\Animations\\GateOpening2.anim.meta
p1:-1 0 C:\\Users\\KingToed\\Documents\\CO5136-TeamRalph\\AsylumTR\\Assets\\Main Menu Stuff\\Animations\\Main Camera.controller
p1:-1 0 C:\\Users\\KingToed\\Documents\\CO5136-TeamRalph\\AsylumTR\\Assets\\Main Menu Stuff\\Animations\\Main Camera.controller.meta
p1:-1 0 C:\\Users\\KingToed\\Documents\\CO5136-TeamRalph\\AsylumTR\\Assets\\Main Menu Stuff\\AudioMixer.meta
p1:-1 0 C:\\Users\\KingToed\\Documents\\CO5136-TeamRalph\\AsylumTR\\Assets\\Main Menu Stuff\\AudioMixer\\MainMixerMainMenu.mixer
p1:-1 0 C:\\Users\\KingToed\\Documents\\CO5136-TeamRalph\\AsylumTR\\Assets\\Main Menu Stuff\\AudioMixer\\MainMixerMainMenu.mixer.meta
p1:-1 0 C:\\Users\\KingToed\\Documents\\CO5136-TeamRalph\\AsylumTR\\Assets\\Main Menu Stuff\\Materials.meta
p1:-1 0 C:\\Users\\KingToed\\Documents\\CO5136-TeamRalph\\AsylumTR\\Assets\\Main Menu Stuff\\Materials\\Asylum Textures.meta
p1:-1 0 C:\\Users\\KingToed\\Documents\\CO5136-TeamRalph\\AsylumTR\\Assets\\Main Menu Stuff\\Materials\\Fence Textures.meta
p1:-1 1 C:\\Users\\KingToed\\Documents\\CO5136-TeamRalph\\AsylumTR\\Assets\\Main Menu Stuff\\Materials\\Fence Textures\\Gate_albedo.mat
p1:-1 1 C:\\Users\\KingToed\\Documents\\CO5136-TeamRalph\\AsylumTR\\Assets\\Main Menu Stuff\\Materials\\Fence Textures\\Gate_albedo.mat.meta
p1:-1 1 C:\\Users\\KingToed\\Documents\\CO5136-TeamRalph\\AsylumTR\\Assets\\Main Menu Stuff\\Materials\\Fence Textures\\Gate_albedo.tga
p1:-1 1 C:\\Users\\KingToed\\Documents\\CO5136-TeamRalph\\AsylumTR\\Assets\\Main Menu Stuff\\Materials\\Fence Textures\\Gate_albedo.tga.meta
p1:-1 1 C:\\Users\\KingToed\\Documents\\CO5136-TeamRalph\\AsylumTR\\Assets\\Main Menu Stuff\\Materials\\Fence Textures\\Gate_metallic.tga
p1:-1 1 C:\\Users\\KingToed\\Documents\\CO5136-TeamRalph\\AsylumTR\\Assets\\Main Menu Stuff\\Materials\\Fence Textures\\Gate_metallic.tga.meta
p1:-1 1 C:\\Users\\KingToed\\Documents\\CO5136-TeamRalph\\AsylumTR\\Assets\\Main Menu Stuff\\Materials\\Fence Textures\\Gate_normal.tga
p1:-1 1 C:\\Users\\KingToed\\Documents\\CO5136-TeamRalph\\AsylumTR\\Assets\\Main Menu Stuff\\Materials\\Fence Textures\\Gate_normal.tga.meta
p1:-1 1 C:\\Users\\KingToed\\Documents\\CO5136-TeamRalph\\AsylumTR\\Assets\\Main Menu Stuff\\Materials\\Grass.meta
p1:-1 1 C:\\Users\\KingToed\\Documents\\CO5136-TeamRalph\\AsylumTR\\Assets\\Main Menu Stuff\\Materials\\Grass\\Grass Texture.jpg
p1:-1 1 C:\\Users\\KingToed\\Documents\\CO5136-TeamRalph\\AsylumTR\\Assets\\Main Menu Stuff\\Materials\\Grass\\Grass Texture.jpg.meta
p1:-1 1 C:\\Users\\KingToed\\Documents\\CO5136-TeamRalph\\AsylumTR\\Assets\\Main Menu Stuff\\Materials\\Grass\\Grass Texture.mat
p1:-1 1 C:\\Users\\KingToed\\Documents\\CO5136-TeamRalph\\AsylumTR\\Assets\\Main Menu Stuff\\Materials\\Grass\\Grass Texture.mat.meta
p1:-1 1 C:\\Users\\KingToed\\Documents\\CO5136-TeamRalph\\AsylumTR\\Assets\\Main Menu Stuff\\Materials\\Path.meta
p1:-1 1 C:\\Users\\KingToed\\Documents\\CO5136-TeamRalph\\AsylumTR\\Assets\\Main Menu Stuff\\Materials\\Path\\Path Texture.jpg
p1:-1 1 C:\\Users\\KingToed\\Documents\\CO5136-TeamRalph\\AsylumTR\\Assets\\Main Menu Stuff\\Materials\\Path\\Path Texture.jpg.meta
p1:-1 1 C:\\Users\\KingToed\\Documents\\CO5136-TeamRalph\\AsylumTR\\Assets\\Main Menu Stuff\\Materials\\Path\\Path Texture.mat
p1:-1 1 C:\\Users\\KingToed\\Documents\\CO5136-TeamRalph\\AsylumTR\\Assets\\Main Menu Stuff\\Materials\\Path\\Path Texture.mat.meta
p1:-1 1 C:\\Users\\KingToed\\Documents\\CO5136-TeamRalph\\AsylumTR\\Assets\\Main Menu Stuff\\Materials\\Pillar Textures.meta
p1:-1 1 C:\\Users\\KingToed\\Documents\\CO5136-TeamRalph\\AsylumTR\\Assets\\Main Menu Stuff\\Materials\\Pillar Textures\\Box001_albedo.mat
p1:-1 1 C:\\Users\\KingToed\\Documents\\CO5136-TeamRalph\\AsylumTR\\Assets\\Main Menu Stuff\\Materials\\Pillar Textures\\Box001_albedo.mat.meta
p1:-1 1 C:\\Users\\KingToed\\Documents\\CO5136-TeamRalph\\AsylumTR\\Assets\\Main Menu Stuff\\Materials\\Pillar Textures\\Box001_albedo.tga
p1:-1 1 C:\\Users\\KingToed\\Documents\\CO5136-TeamRalph\\AsylumTR\\Assets\\Main Menu Stuff\\Materials\\Pillar Textures\\Box001_albedo.tga.meta
p1:-1 1 C:\\Users\\KingToed\\Documents\\CO5136-TeamRalph\\AsylumTR\\Assets\\Main Menu Stuff\\Materials\\Pillar Textures\\Box001_metallic.tga
p1:-1 1 C:\\Users\\KingToed\\Documents\\CO5136-TeamRalph\\AsylumTR\\Assets\\Main Menu Stuff\\Materials\\Pillar Textures\\Box001_metallic.tga.meta
p1:-1 1 C:\\Users\\KingToed\\Documents\\CO5136-TeamRalph\\AsylumTR\\Assets\\Main Menu Stuff\\Materials\\Pillar Textures\\Box001_normal.tga
p1:-1 1 C:\\Users\\KingToed\\Documents\\CO5136-TeamRalph\\AsylumTR\\Assets\\Main Menu Stuff\\Materials\\Pillar Textures\\Box001_normal.tga.meta
p1:-1 1 C:\\Users\\KingToed\\Documents\\CO5136-TeamRalph\\AsylumTR\\Assets\\Main Menu Stuff\\Materials\\Temp.meta
p1:-1 1 C:\\Users\\KingToed\\Documents\\CO5136-TeamRalph\\AsylumTR\\Assets\\Main Menu Stuff\\Materials\\Temp\\Asylum.mat
p1:-1 1 C:\\Users\\KingToed\\Documents\\CO5136-TeamRalph\\AsylumTR\\Assets\\Main Menu Stuff\\Materials\\Temp\\Asylum.mat.meta
p1:-1 1 C:\\Users\\KingToed\\Documents\\CO5136-TeamRalph\\AsylumTR\\Assets\\Main Menu Stuff\\Materials\\Temp\\Green.mat
p1:-1 1 C:\\Users\\KingToed\\Documents\\CO5136-TeamRalph\\AsylumTR\\Assets\\Main Menu Stuff\\Materials\\Temp\\Green.mat.meta
p1:-1 1 C:\\Users\\KingToed\\Documents\\CO5136-TeamRalph\\AsylumTR\\Assets\\Main Menu Stuff\\Materials\\Tree Textures.meta
p1:-1 1 C:\\Users\\KingToed\\Documents\\CO5136-TeamRalph\\AsylumTR\\Assets\\Main Menu Stuff\\Materials\\Tree Textures\\Cylinder001_albedo.mat
p1:-1 1 C:\\Users\\KingToed\\Documents\\CO5136-TeamRalph\\AsylumTR\\Assets\\Main Menu Stuff\\Materials\\Tree Textures\\Cylinder001_albedo.mat.meta
p1:-1 1 C:\\Users\\KingToed\\Documents\\CO5136-TeamRalph\\AsylumTR\\Assets\\Main Menu Stuff\\Materials\\Tree Textures\\Cylinder001_albedo.tga
p1:-1 1 C:\\Users\\KingToed\\Documents\\CO5136-TeamRalph\\AsylumTR\\Assets\\Main Menu Stuff\\Materials\\Tree Textures\\Cylinder001_albedo.tga.meta
p1:-1 1 C:\\Users\\KingToed\\Documents\\CO5136-TeamRalph\\AsylumTR\\Assets\\Main Menu Stuff\\Materials\\Tree Textures\\Cylinder001_metallic.tga
p1:-1 1 C:\\Users\\KingToed\\Documents\\CO5136-TeamRalph\\AsylumTR\\Assets\\Main Menu Stuff\\Materials\\Tree Textures\\Cylinder001_metallic.tga.meta
p1:-1 1 C:\\Users\\KingToed\\Documents\\CO5136-TeamRalph\\AsylumTR\\Assets\\Main Menu Stuff\\Materials\\Tree Textures\\Cylinder001_normal.tga
p1:-1 1 C:\\Users\\KingToed\\Documents\\CO5136-TeamRalph\\AsylumTR\\Assets\\Main Menu Stuff\\Materials\\Tree Textures\\Cylinder001_normal.tga.meta
p1:-1 1 C:\\Users\\KingToed\\Documents\\CO5136-TeamRalph\\AsylumTR\\Assets\\Main Menu Stuff\\Models.meta
p1:-1 1 C:\\Users\\KingToed\\Documents\\CO5136-TeamRalph\\AsylumTR\\Assets\\Main Menu Stuff\\Models\\Asylum.FBX
p1:-1 1 C:\\Users\\KingToed\\Documents\\CO5136-TeamRalph\\AsylumTR\\Assets\\Main Menu Stuff\\Models\\Asylum.FBX.meta
p1:-1 1 C:\\Users\\KingToed\\Documents\\CO5136-TeamRalph\\AsylumTR\\Assets\\Main Menu Stuff\\Models\\Bad Tree.FBX
p1:-1 1 C:\\Users\\KingToed\\Documents\\CO5136-TeamRalph\\AsylumTR\\Assets\\Main Menu Stuff\\Models\\Bad Tree.FBX.meta
p1:-1 1 C:\\Users\\KingToed\\Documents\\CO5136-TeamRalph\\AsylumTR\\Assets\\Main Menu Stuff\\Models\\Fence Wall1.FBX
p1:-1 1 C:\\Users\\KingToed\\Documents\\CO5136-TeamRalph\\AsylumTR\\Assets\\Main Menu Stuff\\Models\\Fence Wall1.FBX.meta
p1:-1 1 C:\\Users\\KingToed\\Documents\\CO5136-TeamRalph\\AsylumTR\\Assets\\Main Menu Stuff\\Models\\Gate Attached.FBX
p1:-1 1 C:\\Users\\KingToed\\Documents\\CO5136-TeamRalph\\AsylumTR\\Assets\\Main Menu Stuff\\Models\\Gate Attached.FBX.meta
p1:-1 1 C:\\Users\\KingToed\\Documents\\CO5136-TeamRalph\\AsylumTR\\Assets\\Main Menu Stuff\\Models\\Pillar.FBX
p1:-1 1 C:\\Users\\KingToed\\Documents\\CO5136-TeamRalph\\AsylumTR\\Assets\\Main Menu Stuff\\Models\\Pillar.FBX.meta
p1:-1 1 C:\\Users\\KingToed\\Documents\\CO5136-TeamRalph\\AsylumTR\\Assets\\Main Menu Stuff\\Music.meta
p1:-1 1 C:\\Users\\KingToed\\Documents\\CO5136-TeamRalph\\AsylumTR\\Assets\\Main Menu Stuff\\Music\\Purple Planet Music - Emotional - Alone.mp3
p1:-1 1 C:\\Users\\KingToed\\Documents\\CO5136-TeamRalph\\AsylumTR\\Assets\\Main Menu Stuff\\Music\\Purple Planet Music - Emotional - Alone.mp3.meta
p1:-1 1 C:\\Users\\KingToed\\Documents\\CO5136-TeamRalph\\AsylumTR\\Assets\\Main Menu Stuff\\Prefabs.meta
p1:-1 1 C:\\Users\\KingToed\\Documents\\CO5136-TeamRalph\\AsylumTR\\Assets\\Main Menu Stuff\\Prefabs\\Fence Wall1.prefab
p1:-1 1 C:\\Users\\KingToed\\Documents\\CO5136-TeamRalph\\AsylumTR\\Assets\\Main Menu Stuff\\Prefabs\\Fence Wall1.prefab.meta
p1:-1 1 C:\\Users\\KingToed\\Documents\\CO5136-TeamRalph\\AsylumTR\\Assets\\Main Menu Stuff\\Prefabs\\Gate Attached.prefab
p1:-1 1 C:\\Users\\KingToed\\Documents\\CO5136-TeamRalph\\AsylumTR\\Assets\\Main Menu Stuff\\Prefabs\\Gate Attached.prefab.meta
p1:-1 1 C:\\Users\\KingToed\\Documents\\CO5136-TeamRalph\\AsylumTR\\Assets\\Main Menu Stuff\\Prefabs\\Pillar.prefab
p1:-1 1 C:\\Users\\KingToed\\Documents\\CO5136-TeamRalph\\AsylumTR\\Assets\\Main Menu Stuff\\Prefabs\\Pillar.prefab.meta
p1:-1 1 C:\\Users\\KingToed\\Documents\\CO5136-TeamRalph\\AsylumTR\\Assets\\Main Menu Stuff\\Scripts.meta
p1:-1 1 C:\\Users\\KingToed\\Documents\\CO5136-TeamRalph\\AsylumTR\\Assets\\Main Menu Stuff\\Scripts\\SCR_BypassLoadCredits.cs
p1:-1 1 C:\\Users\\KingToed\\Documents\\CO5136-TeamRalph\\AsylumTR\\Assets\\Main Menu Stuff\\Scripts\\SCR_BypassLoadCredits.cs.meta
p1:-1 1 C:\\Users\\KingToed\\Documents\\CO5136-TeamRalph\\AsylumTR\\Assets\\Main Menu Stuff\\Scripts\\SCR_CameraMove.cs
p1:-1 1 C:\\Users\\KingToed\\Documents\\CO5136-TeamRalph\\AsylumTR\\Assets\\Main Menu Stuff\\Scripts\\SCR_CameraMove.cs.meta
p1:-1 1 C:\\Users\\KingToed\\Documents\\CO5136-TeamRalph\\AsylumTR\\Assets\\Main Menu Stuff\\Scripts\\SCR_CreditsScene.cs
p1:-1 1 C:\\Users\\KingToed\\Documents\\CO5136-TeamRalph\\AsylumTR\\Assets\\Main Menu Stuff\\Scripts\\SCR_CreditsScene.cs.meta
p1:-1 1 C:\\Users\\KingToed\\Documents\\CO5136-TeamRalph\\AsylumTR\\Assets\\Main Menu Stuff\\Scripts\\SCR_LoadCredits.cs
p1:-1 1 C:\\Users\\KingToed\\Documents\\CO5136-TeamRalph\\AsylumTR\\Assets\\Main Menu Stuff\\Scripts\\SCR_LoadCredits.cs.meta
p1:-1 1 C:\\Users\\KingToed\\Documents\\CO5136-TeamRalph\\AsylumTR\\Assets\\Main Menu Stuff\\Scripts\\SCR_MainLoadScene.cs
p1:-1 1 C:\\Users\\KingToed\\Documents\\CO5136-TeamRalph\\AsylumTR\\Assets\\Main Menu Stuff\\Scripts\\SCR_MainLoadScene.cs.meta
p1:-1 1 C:\\Users\\KingToed\\Documents\\CO5136-TeamRalph\\AsylumTR\\Assets\\Main Menu Stuff\\Scripts\\SCR_MainMenu.cs
p1:-1 1 C:\\Users\\KingToed\\Documents\\CO5136-TeamRalph\\AsylumTR\\Assets\\Main Menu Stuff\\Scripts\\SCR_MainMenu.cs.meta
p1:-1 1 C:\\Users\\KingToed\\Documents\\CO5136-TeamRalph\\AsylumTR\\Assets\\Main Menu Stuff\\Scripts\\SCR_MenuQuit.cs
p1:-1 1 C:\\Users\\KingToed\\Documents\\CO5136-TeamRalph\\AsylumTR\\Assets\\Main Menu Stuff\\Scripts\\SCR_MenuQuit.cs.meta
p1:-1 1 C:\\Users\\KingToed\\Documents\\CO5136-TeamRalph\\AsylumTR\\Assets\\Main Menu Stuff\\Scripts\\SCR_OptionsMenu.cs
p1:-1 1 C:\\Users\\KingToed\\Documents\\CO5136-TeamRalph\\AsylumTR\\Assets\\Main Menu Stuff\\Scripts\\SCR_OptionsMenu.cs.meta
p1:-1 1 C:\\Users\\KingToed\\Documents\\CO5136-TeamRalph\\AsylumTR\\Assets\\Main Menu Stuff\\Scripts\\SCR_PauseMenu.cs
p1:-1 1 C:\\Users\\KingToed\\Documents\\CO5136-TeamRalph\\AsylumTR\\Assets\\Main Menu Stuff\\Scripts\\SCR_PauseMenu.cs.meta
p1:-1 1 C:\\Users\\KingToed\\Documents\\CO5136-TeamRalph\\AsylumTR\\Assets\\Main Menu Stuff\\Scripts\\SCR_PlayCameraAnimation.cs
p1:-1 1 C:\\Users\\KingToed\\Documents\\CO5136-TeamRalph\\AsylumTR\\Assets\\Main Menu Stuff\\Scripts\\SCR_PlayCameraAnimation.cs.meta
p1:-1 1 C:\\Users\\KingToed\\Documents\\CO5136-TeamRalph\\AsylumTR\\Assets\\Main Menu Stuff\\Scripts\\SCR_PlayGateAnimation.cs
p1:-1 1 C:\\Users\\KingToed\\Documents\\CO5136-TeamRalph\\AsylumTR\\Assets\\Main Menu Stuff\\Scripts\\SCR_PlayGateAnimation.cs.meta
p1:-1 1 C:\\Users\\KingToed\\Documents\\CO5136-TeamRalph\\AsylumTR\\Assets\\Main Menu Stuff\\Scripts\\SCR_PlayGateAnimation2.cs
p1:-1 1 C:\\Users\\KingToed\\Documents\\CO5136-TeamRalph\\AsylumTR\\Assets\\Main Menu Stuff\\Scripts\\SCR_PlayGateAnimation2.cs.meta
p1:-1 1 C:\\Users\\KingToed\\Documents\\CO5136-TeamRalph\\AsylumTR\\Assets\\Main Menu Stuff\\TextMeshPro.meta
p1:-1 1 C:\\Users\\KingToed\\Documents\\CO5136-TeamRalph\\AsylumTR\\Assets\\Main Menu Stuff\\TextMeshPro\\Menu Text Gradient.asset
p1:-1 1 C:\\Users\\KingToed\\Documents\\CO5136-TeamRalph\\AsylumTR\\Assets\\Main Menu Stuff\\TextMeshPro\\Menu Text Gradient.asset.meta
p1:-1 1 C:\\Users\\KingToed\\Documents\\CO5136-TeamRalph\\AsylumTR\\Assets\\Credit Scene\\Animation.meta
p1:-1 1 C:\\Users\\KingToed\\Documents\\CO5136-TeamRalph\\AsylumTR\\Assets\\Credit Scene\\Animation\\Credit Scroll.anim
p1:-1 1 C:\\Users\\KingToed\\Documents\\CO5136-TeamRalph\\AsylumTR\\Assets\\Credit Scene\\Animation\\Credit Scroll.anim.meta
p1:-1 1 C:\\Users\\KingToed\\Documents\\CO5136-TeamRalph\\AsylumTR\\Assets\\Credit Scene\\Animation\\CreditScroll.controller
p1:-1 1 C:\\Users\\KingToed\\Documents\\CO5136-TeamRalph\\AsylumTR\\Assets\\Credit Scene\\Animation\\CreditScroll.controller.meta
p1:-1 1 C:\\Users\\KingToed\\Documents\\CO5136-TeamRalph\\AsylumTR\\Assets\\Credit Scene\\Scripts.meta
p1:-1 1 C:\\Users\\KingToed\\Documents\\CO5136-TeamRalph\\AsylumTR\\Assets\\Credit Scene\\Scripts\\SCR_CreditsScene.cs
p1:-1 1 C:\\Users\\KingToed\\Documents\\CO5136-TeamRalph\\AsylumTR\\Assets\\Credit Scene\\Scripts\\SCR_CreditsScene.cs.meta
p1:-1 1 C:\\Users\\KingToed\\Documents\\CO5136-TeamRalph\\AsylumTR\\Assets\\Credit Scene\\Scripts\\SCR_MenuQuit.cs
p1:-1 1 C:\\Users\\KingToed\\Documents\\CO5136-TeamRalph\\AsylumTR\\Assets\\Credit Scene\\Scripts\\SCR_MenuQuit.cs.meta
p1:-1 1 C:\\Users\\KingToed\\Documents\\CO5136-TeamRalph\\AsylumTR\\Assets\\Main Menu Scene.meta
p1:-1 1 C:\\Users\\KingToed\\Documents\\CO5136-TeamRalph\\AsylumTR\\Assets\\Main Menu Scene\\Animations.meta
p1:-1 1 C:\\Users\\KingToed\\Documents\\CO5136-TeamRalph\\AsylumTR\\Assets\\Main Menu Scene\\Animations\\Camera Moving.anim
p1:-1 1 C:\\Users\\KingToed\\Documents\\CO5136-TeamRalph\\AsylumTR\\Assets\\Main Menu Scene\\Animations\\Camera Moving.anim.meta
p1:-1 1 C:\\Users\\KingToed\\Documents\\CO5136-TeamRalph\\AsylumTR\\Assets\\Main Menu Scene\\Animations\\Gate Attached (1).controller
p1:-1 1 C:\\Users\\KingToed\\Documents\\CO5136-TeamRalph\\AsylumTR\\Assets\\Main Menu Scene\\Animations\\Gate Attached (1).controller.meta
p1:-1 1 C:\\Users\\KingToed\\Documents\\CO5136-TeamRalph\\AsylumTR\\Assets\\Main Menu Scene\\Animations\\Gate Attached.controller
p1:-1 1 C:\\Users\\KingToed\\Documents\\CO5136-TeamRalph\\AsylumTR\\Assets\\Main Menu Scene\\Animations\\Gate Attached.controller.meta
p1:-1 1 C:\\Users\\KingToed\\Documents\\CO5136-TeamRalph\\AsylumTR\\Assets\\Main Menu Scene\\Animations\\GateOpening.anim
p1:-1 1 C:\\Users\\KingToed\\Documents\\CO5136-TeamRalph\\AsylumTR\\Assets\\Main Menu Scene\\Animations\\GateOpening.anim.meta
p1:-1 1 C:\\Users\\KingToed\\Documents\\CO5136-TeamRalph\\AsylumTR\\Assets\\Main Menu Scene\\Animations\\GateOpening2.anim
p1:-1 1 C:\\Users\\KingToed\\Documents\\CO5136-TeamRalph\\AsylumTR\\Assets\\Main Menu Scene\\Animations\\GateOpening2.anim.meta
p1:-1 1 C:\\Users\\KingToed\\Documents\\CO5136-TeamRalph\\AsylumTR\\Assets\\Main Menu Scene\\Animations\\Main Camera.controller
p1:-1 1 C:\\Users\\KingToed\\Documents\\CO5136-TeamRalph\\AsylumTR\\Assets\\Main Menu Scene\\Animations\\Main Camera.controller.meta
p1:-1 1 C:\\Users\\KingToed\\Documents\\CO5136-TeamRalph\\AsylumTR\\Assets\\Main Menu Scene\\AudioMixer.meta
p1:-1 1 C:\\Users\\KingToed\\Documents\\CO5136-TeamRalph\\AsylumTR\\Assets\\Main Menu Scene\\AudioMixer\\MainMixerMainMenu.mixer
p1:-1 1 C:\\Users\\KingToed\\Documents\\CO5136-TeamRalph\\AsylumTR\\Assets\\Main Menu Scene\\AudioMixer\\MainMixerMainMenu.mixer.meta
p1:-1 1 C:\\Users\\KingToed\\Documents\\CO5136-TeamRalph\\AsylumTR\\Assets\\Main Menu Scene\\Materials.meta
p1:-1 1 C:\\Users\\KingToed\\Documents\\CO5136-TeamRalph\\AsylumTR\\Assets\\Main Menu Scene\\Materials\\Asylum Textures.meta
p1:-1 1 C:\\Users\\KingToed\\Documents\\CO5136-TeamRalph\\AsylumTR\\Assets\\Main Menu Scene\\Materials\\Fence Textures.meta
p1:-1 1 C:\\Users\\KingToed\\Documents\\CO5136-TeamRalph\\AsylumTR\\Assets\\Main Menu Scene\\Materials\\Fence Textures\\Gate_albedo.mat
p1:-1 1 C:\\Users\\KingToed\\Documents\\CO5136-TeamRalph\\AsylumTR\\Assets\\Main Menu Scene\\Materials\\Fence Textures\\Gate_albedo.mat.meta
p1:-1 1 C:\\Users\\KingToed\\Documents\\CO5136-TeamRalph\\AsylumTR\\Assets\\Main Menu Scene\\Materials\\Fence Textures\\Gate_albedo.tga
p1:-1 1 C:\\Users\\KingToed\\Documents\\CO5136-TeamRalph\\AsylumTR\\Assets\\Main Menu Scene\\Materials\\Fence Textures\\Gate_albedo.tga.meta
p1:-1 1 C:\\Users\\KingToed\\Documents\\CO5136-TeamRalph\\AsylumTR\\Assets\\Main Menu Scene\\Materials\\Fence Textures\\Gate_metallic.tga
p1:-1 2 C:\\Users\\KingToed\\Documents\\CO5136-TeamRalph\\AsylumTR\\Assets\\Main Menu Scene\\Materials\\Fence Textures\\Gate_metallic.tga.meta
p1:-1 2 C:\\Users\\KingToed\\Documents\\CO5136-TeamRalph\\AsylumTR\\Assets\\Main Menu Scene\\Materials\\Fence Textures\\Gate_normal.tga
p1:-1 3 C:\\Users\\KingToed\\Documents\\CO5136-TeamRalph\\AsylumTR\\Assets\\Main Menu Scene\\Materials\\Fence Textures\\Gate_normal.tga.meta
p1:-1 3 C:\\Users\\KingToed\\Documents\\CO5136-TeamRalph\\AsylumTR\\Assets\\Main Menu Scene\\Materials\\Grass.meta
p1:-1 3 C:\\Users\\KingToed\\Documents\\CO5136-TeamRalph\\AsylumTR\\Assets\\Main Menu Scene\\Materials\\Grass\\Grass Texture.jpg
p1:-1 3 C:\\Users\\KingToed\\Documents\\CO5136-TeamRalph\\AsylumTR\\Assets\\Main Menu Scene\\Materials\\Grass\\Grass Texture.jpg.meta
p1:-1 3 C:\\Users\\KingToed\\Documents\\CO5136-TeamRalph\\AsylumTR\\Assets\\Main Menu Scene\\Materials\\Grass\\Grass Texture.mat
p1:-1 3 C:\\Users\\KingToed\\Documents\\CO5136-TeamRalph\\AsylumTR\\Assets\\Main Menu Scene\\Materials\\Grass\\Grass Texture.mat.meta
p1:-1 3 C:\\Users\\KingToed\\Documents\\CO5136-TeamRalph\\AsylumTR\\Assets\\Main Menu Scene\\Materials\\Path.meta
p1:-1 3 C:\\Users\\KingToed\\Documents\\CO5136-TeamRalph\\AsylumTR\\Assets\\Main Menu Scene\\Materials\\Path\\Path Texture.jpg
p1:-1 4 C:\\Users\\KingToed\\Documents\\CO5136-TeamRalph\\AsylumTR\\Assets\\Main Menu Scene\\Materials\\Path\\Path Texture.jpg.meta
p1:-1 4 C:\\Users\\KingToed\\Documents\\CO5136-TeamRalph\\AsylumTR\\Assets\\Main Menu Scene\\Materials\\Path\\Path Texture.mat
p1:-1 4 C:\\Users\\KingToed\\Documents\\CO5136-TeamRalph\\AsylumTR\\Assets\\Main Menu Scene\\Materials\\Path\\Path Texture.mat.meta
p1:-1 4 C:\\Users\\KingToed\\Documents\\CO5136-TeamRalph\\AsylumTR\\Assets\\Main Menu Scene\\Materials\\Pillar Textures.meta
p1:-1 4 C:\\Users\\KingToed\\Documents\\CO5136-TeamRalph\\AsylumTR\\Assets\\Main Menu Scene\\Materials\\Pillar Textures\\Box001_albedo.mat
p1:-1 4 C:\\Users\\KingToed\\Documents\\CO5136-TeamRalph\\AsylumTR\\Assets\\Main Menu Scene\\Materials\\Pillar Textures\\Box001_albedo.mat.meta
p1:-1 4 C:\\Users\\KingToed\\Documents\\CO5136-TeamRalph\\AsylumTR\\Assets\\Main Menu Scene\\Materials\\Pillar Textures\\Box001_albedo.tga
p1:-1 4 C:\\Users\\KingToed\\Documents\\CO5136-TeamRalph\\AsylumTR\\Assets\\Main Menu Scene\\Materials\\Pillar Textures\\Box001_albedo.tga.meta
p1:-1 4 C:\\Users\\KingToed\\Documents\\CO5136-TeamRalph\\AsylumTR\\Assets\\Main Menu Scene\\Materials\\Pillar Textures\\Box001_metallic.tga
p1:-1 5 C:\\Users\\KingToed\\Documents\\CO5136-TeamRalph\\AsylumTR\\Assets\\Main Menu Scene\\Materials\\Pillar Textures\\Box001_metallic.tga.meta
p1:-1 5 C:\\Users\\KingToed\\Documents\\CO5136-TeamRalph\\AsylumTR\\Assets\\Main Menu Scene\\Materials\\Pillar Textures\\Box001_normal.tga
p1:-1 5 C:\\Users\\KingToed\\Documents\\CO5136-TeamRalph\\AsylumTR\\Assets\\Main Menu Scene\\Materials\\Pillar Textures\\Box001_normal.tga.meta
p1:-1 5 C:\\Users\\KingToed\\Documents\\CO5136-TeamRalph\\AsylumTR\\Assets\\Main Menu Scene\\Materials\\Temp.meta
p1:-1 5 C:\\Users\\KingToed\\Documents\\CO5136-TeamRalph\\AsylumTR\\Assets\\Main Menu Scene\\Materials\\Temp\\Asylum.mat
p1:-1 5 C:\\Users\\KingToed\\Documents\\CO5136-TeamRalph\\AsylumTR\\Assets\\Main Menu Scene\\Materials\\Temp\\Asylum.mat.meta
p1:-1 5 C:\\Users\\KingToed\\Documents\\CO5136-TeamRalph\\AsylumTR\\Assets\\Main Menu Scene\\Materials\\Temp\\Green.mat
p1:-1 5 C:\\Users\\KingToed\\Documents\\CO5136-TeamRalph\\AsylumTR\\Assets\\Main Menu Scene\\Materials\\Temp\\Green.mat.meta
p1:-1 5 C:\\Users\\KingToed\\Documents\\CO5136-TeamRalph\\AsylumTR\\Assets\\Main Menu Scene\\Materials\\Tree Textures.meta
p1:-1 5 C:\\Users\\KingToed\\Documents\\CO5136-TeamRalph\\AsylumTR\\Assets\\Main Menu Scene\\Materials\\Tree Textures\\Cylinder001_albedo.mat
p1:-1 5 C:\\Users\\KingToed\\Documents\\CO5136-TeamRalph\\AsylumTR\\Assets\\Main Menu Scene\\Materials\\Tree Textures\\Cylinder001_albedo.mat.meta
p1:-1 5 C:\\Users\\KingToed\\Documents\\CO5136-TeamRalph\\AsylumTR\\Assets\\Main Menu Scene\\Materials\\Tree Textures\\Cylinder001_albedo.tga
p1:-1 6 C:\\Users\\KingToed\\Documents\\CO5136-TeamRalph\\AsylumTR\\Assets\\Main Menu Scene\\Materials\\Tree Textures\\Cylinder001_albedo.tga.meta
p1:-1 6 C:\\Users\\KingToed\\Documents\\CO5136-TeamRalph\\AsylumTR\\Assets\\Main Menu Scene\\Materials\\Tree Textures\\Cylinder001_metallic.tga
p1:-1 6 C:\\Users\\KingToed\\Documents\\CO5136-TeamRalph\\AsylumTR\\Assets\\Main Menu Scene\\Materials\\Tree Textures\\Cylinder001_metallic.tga.meta
p1:-1 6 C:\\Users\\KingToed\\Documents\\CO5136-TeamRalph\\AsylumTR\\Assets\\Main Menu Scene\\Materials\\Tree Textures\\Cylinder001_normal.tga
p1:-1 6 C:\\Users\\KingToed\\Documents\\CO5136-TeamRalph\\AsylumTR\\Assets\\Main Menu Scene\\Materials\\Tree Textures\\Cylinder001_normal.tga.meta
p1:-1 6 C:\\Users\\KingToed\\Documents\\CO5136-TeamRalph\\AsylumTR\\Assets\\Main Menu Scene\\Models.meta
p1:-1 6 C:\\Users\\KingToed\\Documents\\CO5136-TeamRalph\\AsylumTR\\Assets\\Main Menu Scene\\Models\\Asylum.FBX
p1:-1 6 C:\\Users\\KingToed\\Documents\\CO5136-TeamRalph\\AsylumTR\\Assets\\Main Menu Scene\\Models\\Asylum.FBX.meta
p1:-1 6 C:\\Users\\KingToed\\Documents\\CO5136-TeamRalph\\AsylumTR\\Assets\\Main Menu Scene\\Models\\Bad Tree.FBX
p1:-1 6 C:\\Users\\KingToed\\Documents\\CO5136-TeamRalph\\AsylumTR\\Assets\\Main Menu Scene\\Models\\Bad Tree.FBX.meta
p1:-1 6 C:\\Users\\KingToed\\Documents\\CO5136-TeamRalph\\AsylumTR\\Assets\\Main Menu Scene\\Models\\Fence Wall1.FBX
p1:-1 6 C:\\Users\\KingToed\\Documents\\CO5136-TeamRalph\\AsylumTR\\Assets\\Main Menu Scene\\Models\\Fence Wall1.FBX.meta
p1:-1 6 C:\\Users\\KingToed\\Documents\\CO5136-TeamRalph\\AsylumTR\\Assets\\Main Menu Scene\\Models\\Gate Attached.FBX
p1:-1 6 C:\\Users\\KingToed\\Documents\\CO5136-TeamRalph\\AsylumTR\\Assets\\Main Menu Scene\\Models\\Gate Attached.FBX.meta
p1:-1 7 C:\\Users\\KingToed\\Documents\\CO5136-TeamRalph\\AsylumTR\\Assets\\Main Menu Scene\\Models\\Pillar.FBX
p1:-1 7 C:\\Users\\KingToed\\Documents\\CO5136-TeamRalph\\AsylumTR\\Assets\\Main Menu Scene\\Models\\Pillar.FBX.meta
p1:-1 7 C:\\Users\\KingToed\\Documents\\CO5136-TeamRalph\\AsylumTR\\Assets\\Main Menu Scene\\Music.meta
p1:-1 7 C:\\Users\\KingToed\\Documents\\CO5136-TeamRalph\\AsylumTR\\Assets\\Main Menu Scene\\Music\\Purple Planet Music - Emotional - Alone.mp3
p1:-1 7 C:\\Users\\KingToed\\Documents\\CO5136-TeamRalph\\AsylumTR\\Assets\\Main Menu Scene\\Music\\Purple Planet Music - Emotional - Alone.mp3.meta
p1:-1 7 C:\\Users\\KingToed\\Documents\\CO5136-TeamRalph\\AsylumTR\\Assets\\Main Menu Scene\\Prefabs.meta
p1:-1 7 C:\\Users\\KingToed\\Documents\\CO5136-TeamRalph\\AsylumTR\\Assets\\Main Menu Scene\\Prefabs\\Fence Wall1.prefab
p1:-1 7 C:\\Users\\KingToed\\Documents\\CO5136-TeamRalph\\AsylumTR\\Assets\\Main Menu Scene\\Prefabs\\Fence Wall1.prefab.meta
p1:-1 7 C:\\Users\\KingToed\\Documents\\CO5136-TeamRalph\\AsylumTR\\Assets\\Main Menu Scene\\Prefabs\\Gate Attached.prefab
p1:-1 7 C:\\Users\\KingToed\\Documents\\CO5136-TeamRalph\\AsylumTR\\Assets\\Main Menu Scene\\Prefabs\\Gate Attached.prefab.meta
p1:-1 7 C:\\Users\\KingToed\\Documents\\CO5136-TeamRalph\\AsylumTR\\Assets\\Main Menu Scene\\Prefabs\\Pillar.prefab
p1:-1 7 C:\\Users\\KingToed\\Documents\\CO5136-TeamRalph\\AsylumTR\\Assets\\Main Menu Scene\\Prefabs\\Pillar.prefab.meta
p1:-1 7 C:\\Users\\KingToed\\Documents\\CO5136-TeamRalph\\AsylumTR\\Assets\\Main Menu Scene\\Scripts.meta
p1:-1 7 C:\\Users\\KingToed\\Documents\\CO5136-TeamRalph\\AsylumTR\\Assets\\Main Menu Scene\\Scripts\\SCR_BypassLoadCredits.cs
p1:-1 7 C:\\Users\\KingToed\\Documents\\CO5136-TeamRalph\\AsylumTR\\Assets\\Main Menu Scene\\Scripts\\SCR_BypassLoadCredits.cs.meta
p1:-1 7 C:\\Users\\KingToed\\Documents\\CO5136-TeamRalph\\AsylumTR\\Assets\\Main Menu Scene\\Scripts\\SCR_CameraMove.cs
p1:-1 7 C:\\Users\\KingToed\\Documents\\CO5136-TeamRalph\\AsylumTR\\Assets\\Main Menu Scene\\Scripts\\SCR_CameraMove.cs.meta
p1:-1 7 C:\\Users\\KingToed\\Documents\\CO5136-TeamRalph\\AsylumTR\\Assets\\Main Menu Scene\\Scripts\\SCR_LoadCredits.cs
p1:-1 7 C:\\Users\\KingToed\\Documents\\CO5136-TeamRalph\\AsylumTR\\Assets\\Main Menu Scene\\Scripts\\SCR_LoadCredits.cs.meta
p1:-1 7 C:\\Users\\KingToed\\Documents\\CO5136-TeamRalph\\AsylumTR\\Assets\\Main Menu Scene\\Scripts\\SCR_MainLoadScene.cs
p1:-1 8 C:\\Users\\KingToed\\Documents\\CO5136-TeamRalph\\AsylumTR\\Assets\\Main Menu Scene\\Scripts\\SCR_MainLoadScene.cs.meta
p1:-1 8 C:\\Users\\KingToed\\Documents\\CO5136-TeamRalph\\AsylumTR\\Assets\\Main Menu Scene\\Scripts\\SCR_MainMenu.cs
p1:-1 8 C:\\Users\\KingToed\\Documents\\CO5136-TeamRalph\\AsylumTR\\Assets\\Main Menu Scene\\Scripts\\SCR_MainMenu.cs.meta
p1:-1 8 C:\\Users\\KingToed\\Documents\\CO5136-TeamRalph\\AsylumTR\\Assets\\Main Menu Scene\\Scripts\\SCR_OptionsMenu.cs
p1:-1 8 C:\\Users\\KingToed\\Documents\\CO5136-TeamRalph\\AsylumTR\\Assets\\Main Menu Scene\\Scripts\\SCR_OptionsMenu.cs.meta
p1:-1 8 C:\\Users\\KingToed\\Documents\\CO5136-TeamRalph\\AsylumTR\\Assets\\Main Menu Scene\\Scripts\\SCR_PauseMenu.cs
p1:-1 8 C:\\Users\\KingToed\\Documents\\CO5136-TeamRalph\\AsylumTR\\Assets\\Main Menu Scene\\Scripts\\SCR_PauseMenu.cs.meta
p1:-1 8 C:\\Users\\KingToed\\Documents\\CO5136-TeamRalph\\AsylumTR\\Assets\\Main Menu Scene\\Scripts\\SCR_PlayCameraAnimation.cs
p1:-1 8 C:\\Users\\KingToed\\Documents\\CO5136-TeamRalph\\AsylumTR\\Assets\\Main Menu Scene\\Scripts\\SCR_PlayCameraAnimation.cs.meta
p1:-1 8 C:\\Users\\KingToed\\Documents\\CO5136-TeamRalph\\AsylumTR\\Assets\\Main Menu Scene\\Scripts\\SCR_PlayGateAnimation.cs
p1:-1 8 C:\\Users\\KingToed\\Documents\\CO5136-TeamRalph\\AsylumTR\\Assets\\Main Menu Scene\\Scripts\\SCR_PlayGateAnimation.cs.meta
p1:-1 8 C:\\Users\\KingToed\\Documents\\CO5136-TeamRalph\\AsylumTR\\Assets\\Main Menu Scene\\Scripts\\SCR_PlayGateAnimation2.cs
p1:-1 8 C:\\Users\\KingToed\\Documents\\CO5136-TeamRalph\\AsylumTR\\Assets\\Main Menu Scene\\Scripts\\SCR_PlayGateAnimation2.cs.meta
p1:-1 8 C:\\Users\\KingToed\\Documents\\CO5136-TeamRalph\\AsylumTR\\Assets\\Main Menu Scene\\TextMeshPro.meta
p1:-1 8 C:\\Users\\KingToed\\Documents\\CO5136-TeamRalph\\AsylumTR\\Assets\\Main Menu Scene\\TextMeshPro\\Menu Text Gradient.asset
p1:-1 8 C:\\Users\\KingToed\\Documents\\CO5136-TeamRalph\\AsylumTR\\Assets\\Main Menu Scene\\TextMeshPro\\Menu Text Gradient.asset.meta
p1:-1 8 C:\\Users\\KingToed\\Documents\\CO5136-TeamRalph\\AsylumTR\\Assets\\Scenes\\Credits.unity
p1:-1 8 C:\\Users\\KingToed\\Documents\\CO5136-TeamRalph\\AsylumTR\\Assets\\Scenes\\Credits.unity.meta
p1:-1 8 C:\\Users\\KingToed\\Documents\\CO5136-TeamRalph\\AsylumTR\\Assets\\Scenes\\MainMenu.unity
p1:-1 8 C:\\Users\\KingToed\\Documents\\CO5136-TeamRalph\\AsylumTR\\Assets\\Scenes\\MainMenu.unity.meta
p1:-1 8 C:\\Users\\KingToed\\Documents\\CO5136-TeamRalph\\AsylumTR\\ProjectSettings\\ProjectSettings.asset
